Running in Lattice mode


Starting:    C:\lscc\diamond\3.9\synpbase\bin\mbin\synbatch.exe
Install:     C:\lscc\diamond\3.9\synpbase
Hostname:    DIEGO
Date:        Mon Sep 18 13:04:34 2017
Version:     L-2016.09L

Arguments:   -product synplify_pro -batch adder4bit00_adder4bit00_synplify.tcl
ProductType: synplify_pro





Technology initialized from device list to: LATTICE-XP

log file: "C:\Users\Diego EG\Desktop\ArqPracticas\nueve\adder4bit00\adder4bit00_adder4bit00.srr"

Running: hdl_info_gen in foreground



Generating HDL info...


hdl_info_gen completed
# Mon Sep 18 13:04:36 2017

Return Code: 0
Run Time:00h:00m:02s

Copied C:\Users\Diego EG\Desktop\ArqPracticas\nueve\adder4bit00\adder4bit00_adder4bit00.srr to C:\Users\Diego EG\Desktop\ArqPracticas\nueve\adder4bit00\adder4bit00_adder4bit00.srf

log file: "C:\Users\Diego EG\Desktop\ArqPracticas\nueve\adder4bit00\adder4bit00_adder4bit00.srr"

Running: adder4bit00 in foreground



Running proj_1|adder4bit00


Running: compile (Compile) on proj_1|adder4bit00
# Mon Sep 18 13:04:36 2017


Running: compile_flow (Compile Process) on proj_1|adder4bit00
# Mon Sep 18 13:04:36 2017


Running: compiler (Compile Input) on proj_1|adder4bit00
# Mon Sep 18 13:04:36 2017

Copied C:\Users\Diego EG\Desktop\ArqPracticas\nueve\adder4bit00\synwork\adder4bit00_adder4bit00_comp.srs to C:\Users\Diego EG\Desktop\ArqPracticas\nueve\adder4bit00\adder4bit00_adder4bit00.srs


compiler completed
# Mon Sep 18 13:04:40 2017

Return Code: 0
Run Time:00h:00m:04s


Running: multi_srs_gen (Multi-srs Generator) on proj_1|adder4bit00
# Mon Sep 18 13:04:40 2017


multi_srs_gen completed
# Mon Sep 18 13:04:40 2017

Return Code: 0
Run Time:00h:00m:00s

Copied C:\Users\Diego EG\Desktop\ArqPracticas\nueve\adder4bit00\synwork\adder4bit00_adder4bit00_mult.srs to C:\Users\Diego EG\Desktop\ArqPracticas\nueve\adder4bit00\adder4bit00_adder4bit00.srs

Copied C:\Users\Diego EG\Desktop\ArqPracticas\nueve\adder4bit00\adder4bit00_adder4bit00.srr to C:\Users\Diego EG\Desktop\ArqPracticas\nueve\adder4bit00\adder4bit00_adder4bit00.srf

Complete: Compile Process on proj_1|adder4bit00


Running: premap (Pre-mapping) on proj_1|adder4bit00
# Mon Sep 18 13:04:40 2017


premap completed
# Mon Sep 18 13:04:43 2017

Return Code: 0
Run Time:00h:00m:03s

Complete: Compile on proj_1|adder4bit00


Running: map (Map) on proj_1|adder4bit00
# Mon Sep 18 13:04:43 2017

License granted for 4 parallel jobs


Running: fpga_mapper (Map & Optimize) on proj_1|adder4bit00
# Mon Sep 18 13:04:43 2017

Copied C:\Users\Diego EG\Desktop\ArqPracticas\nueve\adder4bit00\synwork\adder4bit00_adder4bit00_m.srm to C:\Users\Diego EG\Desktop\ArqPracticas\nueve\adder4bit00\adder4bit00_adder4bit00.srm


fpga_mapper completed
# Mon Sep 18 13:04:45 2017

Return Code: 0
Run Time:00h:00m:02s

Complete: Map on proj_1|adder4bit00

Copied C:\Users\Diego EG\Desktop\ArqPracticas\nueve\adder4bit00\adder4bit00_adder4bit00.srr to C:\Users\Diego EG\Desktop\ArqPracticas\nueve\adder4bit00\adder4bit00_adder4bit00.srf

Complete: Logic Synthesis on proj_1|adder4bit00

TCL script complete: "adder4bit00_adder4bit00_synplify.tcl"

exit status=0

exit status=0

Save changes for project:
C:\Users\Diego EG\Desktop\ArqPracticas\nueve\adder4bit00\proj_1.prj

batch mode default:no

