
edif2ngd  -l "MachXO2" -d LCMXO2-7000HE -path "C:/Users/Diego EG/Desktop/ArqPracticas/GENERIC00" -path "C:/Users/Diego EG/Desktop/ArqPracticas"   "C:/Users/Diego EG/Desktop/ArqPracticas/GENERIC00/GENERIC00_GENERIC00.edi" "GENERIC00_GENERIC00.ngo"   
edif2ngd:  version Diamond Version 3.9.0.99.2

Copyright (c) 1991-1994 by NeoCAD Inc. All rights reserved.
Copyright (c) 1995 AT&T Corp.   All rights reserved.
Copyright (c) 1995-2001 Lucent Technologies Inc.  All rights reserved.
Copyright (c) 2001 Agere Systems   All rights reserved.
Copyright (c) 2002-2017 Lattice Semiconductor Corporation,  All rights reserved.
Writing the design to GENERIC00_GENERIC00.ngo...

Total CPU Time: 0 secs  

Total REAL Time: 0 secs  


ngdbuild  -a "MachXO2" -d LCMXO2-7000HE  -p "C:/lscc/diamond/3.9/ispfpga/xo2c00/data"  -p "C:/Users/Diego EG/Desktop/ArqPracticas/GENERIC00" -p "C:/Users/Diego EG/Desktop/ArqPracticas"  "GENERIC00_GENERIC00.ngo" "GENERIC00_GENERIC00.ngd"  	
ngdbuild:  version Diamond Version 3.9.0.99.2

Copyright (c) 1991-1994 by NeoCAD Inc. All rights reserved.
Copyright (c) 1995 AT&T Corp.   All rights reserved.
Copyright (c) 1995-2001 Lucent Technologies Inc.  All rights reserved.
Copyright (c) 2001 Agere Systems   All rights reserved.
Copyright (c) 2002-2017 Lattice Semiconductor Corporation,  All rights reserved.
Reading 'GENERIC00_GENERIC00.ngo' ...
Loading NGL library 'C:/lscc/diamond/3.9/ispfpga/xo2c00a/data/xo2alib.ngl'...
Loading NGL library 'C:/lscc/diamond/3.9/ispfpga/xo2c00/data/xo2clib.ngl'...
Loading NGL library 'C:/lscc/diamond/3.9/ispfpga/mg5g00/data/mg5glib.ngl'...
Loading NGL library 'C:/lscc/diamond/3.9/ispfpga/or5g00/data/orc5glib.ngl'...


Running DRC...

    <postMsg mid="1166052" type="Warning" dynamic="2" navigation="1" arg0="logical" arg1="G00/UD01/un1_sdiv_cry_19_0_COUT" arg2="G00/UD01/un1_sdiv_cry_19_0_COUT"  />
    <postMsg mid="1166052" type="Warning" dynamic="2" navigation="1" arg0="logical" arg1="G00/UD01/un1_sdiv_cry_0_0_S0" arg2="G00/UD01/un1_sdiv_cry_0_0_S0"  />
    <postMsg mid="1166052" type="Warning" dynamic="2" navigation="1" arg0="logical" arg1="G00/UD00/OSCInst0_SEDSTDBY" arg2="G00/UD00/OSCInst0_SEDSTDBY"  />
    <postMsg mid="1163101" type="Warning" dynamic="1" navigation="0" arg0="3"  />

Design Results:
    202 blocks expanded
Complete the first expansion.
Writing 'GENERIC00_GENERIC00.ngd' ...
Total CPU Time: 0 secs  

Total REAL Time: 0 secs  


map -a "MachXO2" -p LCMXO2-7000HE -t FPBGA484 -s 4 -oc Commercial   "GENERIC00_GENERIC00.ngd" -o "GENERIC00_GENERIC00_map.ncd" -pr "GENERIC00_GENERIC00.prf" -mp "GENERIC00_GENERIC00.mrp" -lpf "C:/Users/Diego EG/Desktop/ArqPracticas/GENERIC00/GENERIC00_GENERIC00_synplify.lpf" -lpf "C:/Users/Diego EG/Desktop/ArqPracticas/GENERIC00.lpf" -c 0            
map:  version Diamond Version 3.9.0.99.2

Copyright (c) 1991-1994 by NeoCAD Inc. All rights reserved.
Copyright (c) 1995 AT&T Corp.   All rights reserved.
Copyright (c) 1995-2001 Lucent Technologies Inc.  All rights reserved.
Copyright (c) 2001 Agere Systems   All rights reserved.
Copyright (c) 2002-2017 Lattice Semiconductor Corporation,  All rights reserved.
   Process the file: GENERIC00_GENERIC00.ngd
   Picdevice="LCMXO2-7000HE"

   Pictype="FPBGA484"

   Picspeed=4

   Remove unused logic

   Do not produce over sized NCDs.

Part used: LCMXO2-7000HEFPBGA484, Performance used: 4.

Loading device for application map from file 'xo2c7000.nph' in environment: C:/lscc/diamond/3.9/ispfpga.
Package Status:                     Final          Version 1.39.

Running general design DRC...

Removing unused logic...

Optimizing...




Design Summary:
   Number of registers:     56 out of  7869 (1%)
      PFU registers:           47 out of  6864 (1%)
      PIO registers:            9 out of  1005 (1%)
   Number of SLICEs:        55 out of  3432 (2%)
      SLICEs as Logic/ROM:     55 out of  3432 (2%)
      SLICEs as RAM:            0 out of  2574 (0%)
      SLICEs as Carry:         11 out of  3432 (0%)
   Number of LUT4s:        105 out of  6864 (2%)
      Number used as logic LUTs:         83
      Number used as distributed RAM:     0
      Number used as ripple logic:       22
      Number used as shift registers:     0
   Number of PIO sites used: 37 + 4(JTAG) out of 335 (12%)
   Number of block RAMs:  0 out of 26 (0%)
   Number of GSRs:  0 out of 1 (0%)
   EFB used :       No
   JTAG used :      No
   Readback used :  No
   Oscillator used :  Yes
   Startup used :   No
   POR :            On
   Bandgap :        On
   Number of Power Controller:  0 out of 1 (0%)
   Number of Dynamic Bank Controller (BCINRD):  0 out of 6 (0%)
   Number of Dynamic Bank Controller (BCLVDSO):  0 out of 1 (0%)
   Number of DCCA:  0 out of 8 (0%)
   Number of DCMA:  0 out of 2 (0%)
   Number of PLLs:  0 out of 2 (0%)
   Number of DQSDLLs:  0 out of 2 (0%)
   Number of CLKDIVC:  0 out of 4 (0%)
   Number of ECLKSYNCA:  0 out of 4 (0%)
   Number of ECLKBRIDGECS:  0 out of 2 (0%)
   Notes:-
      1. Total number of LUT4s = (Number of logic LUT4s) + 2*(Number of distributed RAMs) + 2*(Number of ripple logic)
      2. Number of logic LUT4s does not include count of distributed RAM and ripple logic.
   Number of clocks:  1
     Net G00.sclk_0: 37 loads, 37 rising, 0 falling (Driver: G00/UD00/OSCInst0 )
   Number of Clock Enables:  5
     Net aux_RNI7UC91: 8 loads, 0 LSLICEs
     Net un1_outdiv_0_sqmuxa_1_3_RNI5BNV: 8 loads, 7 LSLICEs
     Net G01/aux_RNIARMF1: 4 loads, 4 LSLICEs
     Net G02/outgx_1ce[0]: 4 loads, 4 LSLICEs
     Net G03/aux_RNO: 1 loads, 1 LSLICEs
   Number of LSRs:  2
     Net enableg0_pad_RNINU371: 8 loads, 0 LSLICEs
     Net G00/UD01/un1_outdiv37_RNIJJJ21: 11 loads, 11 LSLICEs
   Number of nets driven by tri-state buffers:  0
   Top 10 highest fanout non-clock nets:
     Net G00/UD01/un1_outdiv37_RNIJJJ21: 11 loads
     Net un1_outdiv_0_sqmuxa_1_3_RNI5BNV: 11 loads
     Net codopg0_c[1]: 10 loads
     Net N_38: 10 loads
     Net G01/N_41: 9 loads
     Net G01/outga_cl[7]: 9 loads
     Net G02.outgx_cl[7]: 9 loads
     Net aux_RNI7UC91: 8 loads
     Net enableg0_pad_RNINU371: 8 loads
     Net cdiv0_c[0]: 7 loads
 

   Number of warnings:  0
   Number of errors:    0



Total CPU Time: 0 secs  
Total REAL Time: 0 secs  
Peak Memory Usage: 28 MB

Dumping design to file GENERIC00_GENERIC00_map.ncd.

mpartrce -p "GENERIC00_GENERIC00.p2t" -f "GENERIC00_GENERIC00.p3t" -tf "GENERIC00_GENERIC00.pt" "GENERIC00_GENERIC00_map.ncd" "GENERIC00_GENERIC00.ncd"

---- MParTrce Tool ----
Removing old design directory at request of -rem command line option to this program.
Running par. Please wait . . .

Lattice Place and Route Report for Design "GENERIC00_GENERIC00_map.ncd"
Thu Nov 23 00:36:58 2017

PAR: Place And Route Diamond Version 3.9.0.99.2.
Command Line: par -w -l 5 -i 6 -t 1 -c 0 -e 0 -gui -exp parUseNBR=1:parCDP=0:parCDR=0:parPathBased=OFF GENERIC00_GENERIC00_map.ncd GENERIC00_GENERIC00.dir/5_1.ncd GENERIC00_GENERIC00.prf
Preference file: GENERIC00_GENERIC00.prf.
Placement level-cost: 5-1.
Routing Iterations: 6

Loading design for application par from file GENERIC00_GENERIC00_map.ncd.
Design name: topgeneric00
NCD version: 3.3
Vendor:      LATTICE
Device:      LCMXO2-7000HE
Package:     FPBGA484
Performance: 4
Loading device for application par from file 'xo2c7000.nph' in environment: C:/lscc/diamond/3.9/ispfpga.
Package Status:                     Final          Version 1.39.
Performance Hardware Data Status:   Final          Version 34.4.
License checked out.


Ignore Preference Error(s):  True
Device utilization summary:

   PIO (prelim)   37+4(JTAG)/336     12% used
                  37+4(JTAG)/335     12% bonded
   IOLOGIC            9/336           2% used

   SLICE             55/3432          1% used

   OSC                1/1           100% used


Number of Signals: 198
Number of Connections: 463

Pin Constraint Summary:
   0 out of 37 pins locked (0% locked).

The following 1 signal is selected to use the primary clock routing resources:
    G00.sclk_0 (driver: G00/UD00/OSCInst0, clk load #: 37)


The following 1 signal is selected to use the secondary clock routing resources:
    G00/UD01/un1_outdiv37_RNIJJJ21 (driver: G00/UD01/SLICE_29, clk load #: 0, sr load #: 11, ce load #: 0)

No signal is selected as Global Set/Reset.
.
Starting Placer Phase 0.
...........
Finished Placer Phase 0.  REAL time: 3 secs 

Starting Placer Phase 1.
....................
Placer score = 20106.
Finished Placer Phase 1.  REAL time: 25 secs 

Starting Placer Phase 2.
.
Placer score =  20053
Finished Placer Phase 2.  REAL time: 25 secs 


------------------ Clock Report ------------------

Global Clock Resources:
  CLK_PIN    : 0 out of 8 (0%)
  PLL        : 0 out of 2 (0%)
  DCM        : 0 out of 2 (0%)
  DCC        : 0 out of 8 (0%)

Quadrants All (TL, TR, BL, BR) - Global Clocks:
  PRIMARY "G00.sclk_0" from OSC on comp "G00/UD00/OSCInst0" on site "OSC", clk load = 37
  SECONDARY "G00/UD01/un1_outdiv37_RNIJJJ21" from F0 on comp "G00/UD01/SLICE_29" on site "R14C18C", clk load = 0, ce load = 0, sr load = 11

  PRIMARY  : 1 out of 8 (12%)
  SECONDARY: 1 out of 8 (12%)

Edge Clocks:
  No edge clock selected.

--------------- End of Clock Report ---------------


I/O Usage Summary (final):
   37 + 4(JTAG) out of 336 (12.2%) PIO sites used.
   37 + 4(JTAG) out of 335 (12.2%) bonded PIO sites used.
   Number of PIO comps: 37; differential: 0.
   Number of Vref pins used: 0.

I/O Bank Usage Summary:
+----------+----------------+------------+-----------+
| I/O Bank | Usage          | Bank Vccio | Bank Vref |
+----------+----------------+------------+-----------+
| 0        | 37 / 83 ( 44%) | 2.5V       | -         |
| 1        | 0 / 84 (  0%)  | -          | -         |
| 2        | 0 / 84 (  0%)  | -          | -         |
| 3        | 0 / 28 (  0%)  | -          | -         |
| 4        | 0 / 24 (  0%)  | -          | -         |
| 5        | 0 / 32 (  0%)  | -          | -         |
+----------+----------------+------------+-----------+

Total placer CPU time: 23 secs 

Dumping design to file GENERIC00_GENERIC00.dir/5_1.ncd.

0 connections routed; 463 unrouted.
Starting router resource preassignment

Completed router resource preassignment. Real time: 28 secs 

Start NBR router at 00:37:26 11/23/17

*****************************************************************
Info: NBR allows conflicts(one node used by more than one signal)
      in the earlier iterations. In each iteration, it tries to  
      solve the conflicts while keeping the critical connections 
      routed as short as possible. The routing process is said to
      be completed when no conflicts exist and all connections   
      are routed.                                                
Note: NBR uses a different method to calculate timing slacks. The
      worst slack and total negative slack may not be the same as
      that in TRCE report. You should always run TRCE to verify  
      your design.                                               
*****************************************************************

Start NBR special constraint process at 00:37:27 11/23/17

Start NBR section for initial routing at 00:37:27 11/23/17
Level 4, iteration 1
8(0.00%) conflicts; 0(0.00%) untouched conn; 0 (nbr) score; 
Estimated worst slack/total negative slack<setup>: 464.950ns/0.000ns; real time: 29 secs 

Info: Initial congestion level at 75% usage is 0
Info: Initial congestion area  at 75% usage is 0 (0.00%)

Start NBR section for normal routing at 00:37:27 11/23/17
Level 4, iteration 1
2(0.00%) conflicts; 0(0.00%) untouched conn; 0 (nbr) score; 
Estimated worst slack/total negative slack<setup>: 464.119ns/0.000ns; real time: 29 secs 
Level 4, iteration 2
1(0.00%) conflict; 0(0.00%) untouched conn; 0 (nbr) score; 
Estimated worst slack/total negative slack<setup>: 464.119ns/0.000ns; real time: 29 secs 
Level 4, iteration 3
0(0.00%) conflict; 0(0.00%) untouched conn; 0 (nbr) score; 
Estimated worst slack/total negative slack<setup>: 464.119ns/0.000ns; real time: 29 secs 

Start NBR section for setup/hold timing optimization with effort level 3 at 00:37:27 11/23/17

Start NBR section for re-routing at 00:37:28 11/23/17
Level 4, iteration 1
0(0.00%) conflict; 0(0.00%) untouched conn; 0 (nbr) score; 
Estimated worst slack/total negative slack<setup>: 464.119ns/0.000ns; real time: 30 secs 

Start NBR section for post-routing at 00:37:28 11/23/17

End NBR router with 0 unrouted connection

NBR Summary
-----------
  Number of unrouted connections : 0 (0.00%)
  Number of connections with timing violations : 0 (0.00%)
  Estimated worst slack<setup> : 464.119ns
  Timing score<setup> : 0
-----------
Notes: The timing info is calculated for SETUP only and all PAR_ADJs are ignored.



Total CPU time 27 secs 
Total REAL time: 31 secs 
Completely routed.
End of route.  463 routed (100.00%); 0 unrouted.

Hold time timing score: 0, hold timing errors: 0

Timing score: 0 

Dumping design to file GENERIC00_GENERIC00.dir/5_1.ncd.


PAR_SUMMARY::Run status = completed
PAR_SUMMARY::Number of unrouted conns = 0
PAR_SUMMARY::Worst  slack<setup/<ns>> = 464.119
PAR_SUMMARY::Timing score<setup/<ns>> = 0.000
PAR_SUMMARY::Worst  slack<hold /<ns>> = 0.379
PAR_SUMMARY::Timing score<hold /<ns>> = 0.000
PAR_SUMMARY::Number of errors = 0

Total CPU  time to completion: 27 secs 
Total REAL time to completion: 31 secs 

par done!

Copyright (c) 1991-1994 by NeoCAD Inc. All rights reserved.
Copyright (c) 1995 AT&T Corp.   All rights reserved.
Copyright (c) 1995-2001 Lucent Technologies Inc.  All rights reserved.
Copyright (c) 2001 Agere Systems   All rights reserved.
Copyright (c) 2002-2017 Lattice Semiconductor Corporation,  All rights reserved.
Exiting par with exit code 0
Exiting mpartrce with exit code 0

bitgen -f "GENERIC00_GENERIC00.t2b" -w "GENERIC00_GENERIC00.ncd" -jedec "GENERIC00_GENERIC00.prf"


BITGEN: Bitstream Generator Diamond Version 3.9.0.99.2
Copyright (c) 1991-1994 by NeoCAD Inc. All rights reserved.
Copyright (c) 1995 AT&T Corp.   All rights reserved.
Copyright (c) 1995-2001 Lucent Technologies Inc.  All rights reserved.
Copyright (c) 2001 Agere Systems   All rights reserved.
Copyright (c) 2002-2017 Lattice Semiconductor Corporation,  All rights reserved.


Loading design for application Bitgen from file GENERIC00_GENERIC00.ncd.
Design name: topgeneric00
NCD version: 3.3
Vendor:      LATTICE
Device:      LCMXO2-7000HE
Package:     FPBGA484
Performance: 4
Loading device for application Bitgen from file 'xo2c7000.nph' in environment: C:/lscc/diamond/3.9/ispfpga.
Package Status:                     Final          Version 1.39.
Performance Hardware Data Status:   Final          Version 34.4.

Running DRC.
DRC detected 0 errors and 0 warnings.
Reading Preference File from GENERIC00_GENERIC00.prf.

Preference Summary:
+---------------------------------+---------------------------------+
|  Preference                     |  Current Setting                |
+---------------------------------+---------------------------------+
|                         RamCfg  |                        Reset**  |
+---------------------------------+---------------------------------+
|                     MCCLK_FREQ  |                         2.08**  |
+---------------------------------+---------------------------------+
|                  CONFIG_SECURE  |                          OFF**  |
+---------------------------------+---------------------------------+
|                          INBUF  |                           ON**  |
+---------------------------------+---------------------------------+
|                      JTAG_PORT  |                       ENABLE**  |
+---------------------------------+---------------------------------+
|                       SDM_PORT  |                      DISABLE**  |
+---------------------------------+---------------------------------+
|                 SLAVE_SPI_PORT  |                      DISABLE**  |
+---------------------------------+---------------------------------+
|                MASTER_SPI_PORT  |                      DISABLE**  |
+---------------------------------+---------------------------------+
|                       I2C_PORT  |                      DISABLE**  |
+---------------------------------+---------------------------------+
|        MUX_CONFIGURATION_PORTS  |                      DISABLE**  |
+---------------------------------+---------------------------------+
|                  CONFIGURATION  |                          CFG**  |
+---------------------------------+---------------------------------+
|                COMPRESS_CONFIG  |                           ON**  |
+---------------------------------+---------------------------------+
|                        MY_ASSP  |                          OFF**  |
+---------------------------------+---------------------------------+
|               ONE_TIME_PROGRAM  |                          OFF**  |
+---------------------------------+---------------------------------+
|                 ENABLE_TRANSFR  |                      DISABLE**  |
+---------------------------------+---------------------------------+
|                  SHAREDEBRINIT  |                      DISABLE**  |
+---------------------------------+---------------------------------+
|            BACKGROUND_RECONFIG  |                          OFF**  |
+---------------------------------+---------------------------------+
 *  Default setting.
 ** The specified setting matches the default setting.


Creating bit map...
 
Bitstream Status: Final           Version 1.94.
 
Saving bit stream in "GENERIC00_GENERIC00.jed".
 
===========
UFM Summary.
===========
UFM Size:        2046 Pages (128*2046 Bits).
UFM Utilization: General Purpose Flash Memory.
 
Available General Purpose Flash Memory: 2046 Pages (Page 0 to Page 2045).
Initialized UFM Pages:                     0 Page.
 
