Running in Lattice mode


Starting:    C:\lscc\diamond\3.9\synpbase\bin\mbin\synbatch.exe
Install:     C:\lscc\diamond\3.9\synpbase
Hostname:    DIEGO
Date:        Thu Nov 23 00:35:38 2017
Version:     L-2016.09L

Arguments:   -product synplify_pro -batch GENERIC00_GENERIC00_synplify.tcl
ProductType: synplify_pro





Technology initialized from device list to: LATTICE-XP

log file: "C:\Users\Diego EG\Desktop\ArqPracticas\GENERIC00\GENERIC00_GENERIC00.srr"

Running: hdl_info_gen in foreground



Generating HDL info...


hdl_info_gen completed
# Thu Nov 23 00:35:39 2017

Return Code: 0
Run Time:00h:00m:01s

log file: "C:\Users\Diego EG\Desktop\ArqPracticas\GENERIC00\GENERIC00_GENERIC00.srr"

Running: GENERIC00 in foreground



Running proj_1|GENERIC00


Running: compile (Compile) on proj_1|GENERIC00
# Thu Nov 23 00:35:40 2017


Running: compile_flow (Compile Process) on proj_1|GENERIC00
# Thu Nov 23 00:35:40 2017


Running: compiler (Compile Input) on proj_1|GENERIC00
# Thu Nov 23 00:35:40 2017

Copied C:\Users\Diego EG\Desktop\ArqPracticas\GENERIC00\synwork\GENERIC00_GENERIC00_comp.srs to C:\Users\Diego EG\Desktop\ArqPracticas\GENERIC00\GENERIC00_GENERIC00.srs


compiler completed
# Thu Nov 23 00:35:47 2017

Return Code: 0
Run Time:00h:00m:07s


Running: multi_srs_gen (Multi-srs Generator) on proj_1|GENERIC00
# Thu Nov 23 00:35:49 2017


multi_srs_gen completed
# Thu Nov 23 00:35:51 2017

Return Code: 0
Run Time:00h:00m:02s

Copied C:\Users\Diego EG\Desktop\ArqPracticas\GENERIC00\synwork\GENERIC00_GENERIC00_mult.srs to C:\Users\Diego EG\Desktop\ArqPracticas\GENERIC00\GENERIC00_GENERIC00.srs

Copied C:\Users\Diego EG\Desktop\ArqPracticas\GENERIC00\GENERIC00_GENERIC00.srr to C:\Users\Diego EG\Desktop\ArqPracticas\GENERIC00\GENERIC00_GENERIC00.srf

Complete: Compile Process on proj_1|GENERIC00


Running: premap (Pre-mapping) on proj_1|GENERIC00
# Thu Nov 23 00:35:51 2017


premap completed with warnings
# Thu Nov 23 00:35:54 2017

Return Code: 1
Run Time:00h:00m:03s

Complete: Compile on proj_1|GENERIC00


Running: map (Map) on proj_1|GENERIC00
# Thu Nov 23 00:35:54 2017

License granted for 4 parallel jobs


Running: fpga_mapper (Map & Optimize) on proj_1|GENERIC00
# Thu Nov 23 00:35:54 2017

Copied C:\Users\Diego EG\Desktop\ArqPracticas\GENERIC00\synwork\GENERIC00_GENERIC00_m.srm to C:\Users\Diego EG\Desktop\ArqPracticas\GENERIC00\GENERIC00_GENERIC00.srm


fpga_mapper completed with warnings
# Thu Nov 23 00:35:58 2017

Return Code: 1
Run Time:00h:00m:04s

Complete: Map on proj_1|GENERIC00

Copied C:\Users\Diego EG\Desktop\ArqPracticas\GENERIC00\GENERIC00_GENERIC00.srr to C:\Users\Diego EG\Desktop\ArqPracticas\GENERIC00\GENERIC00_GENERIC00.srf

Complete: Logic Synthesis on proj_1|GENERIC00

TCL script complete: "GENERIC00_GENERIC00_synplify.tcl"

exit status=0

exit status=0

Save changes for project:
C:\Users\Diego EG\Desktop\ArqPracticas\GENERIC00\proj_1.prj

batch mode default:no

