
synpwrap -msg -prj "lcd00_lcd00_synplify.tcl" -log "lcd00_lcd00.srf"
Copyright (C) 1992-2017 Lattice Semiconductor Corporation. All rights reserved.
Lattice Diamond Version 3.10.0.111.2
    <postMsg mid="2011000" type="Info"    dynamic="0" navigation="0"  />

==contents of lcd00_lcd00.srf
#Build: Synplify Pro (R) M-2017.03L-SP1-1, Build 086R, Aug  4 2017
#install: C:\lscc\diamond\3.10_x64\synpbase
#OS: Windows 8 6.2
#Hostname: LAPTOP-7VBFQ3A1

# Wed Jun  6 08:49:58 2018

#Implementation: lcd00

Synopsys HDL Compiler, version comp2017q2p1, Build 190R, built Aug  4 2017
@N|Running in 64-bit mode
Copyright (C) 1994-2017 Synopsys, Inc. This Synopsys software and all associated documentation are proprietary to Synopsys, Inc. and may only be used pursuant to the terms and conditions of a written license agreement with Synopsys, Inc. All other use, reproduction, modification, or distribution of the Synopsys software or the associated documentation is strictly prohibited.

Synopsys VHDL Compiler, version comp2017q2p1, Build 190R, built Aug  4 2017
@N|Running in 64-bit mode
Copyright (C) 1994-2017 Synopsys, Inc. This Synopsys software and all associated documentation are proprietary to Synopsys, Inc. and may only be used pursuant to the terms and conditions of a written license agreement with Synopsys, Inc. All other use, reproduction, modification, or distribution of the Synopsys software or the associated documentation is strictly prohibited.

@N: CD720 :"C:\lscc\diamond\3.10_x64\synpbase\lib\vhd\std.vhd":123:18:123:21|Setting time resolution to ps
@N:"C:\Users\Jorge Castillo\Documents\ESCOM\5\Arquitectura\2\Practicas\expoESCOM\toplcd00.vhdl":7:7:7:14|Top entity is set to toplcd00.
File C:\lscc\diamond\3.10_x64\synpbase\lib\cpld\lattice.vhd changed - recompiling
File C:\lscc\diamond\3.10_x64\synpbase\lib\lucent\machxo2.vhd changed - recompiling
File C:\Users\Jorge Castillo\Documents\ESCOM\5\Arquitectura\2\Practicas\expoESCOM\div00.vhdl changed - recompiling
File C:\Users\Jorge Castillo\Documents\ESCOM\5\Arquitectura\2\Practicas\expoESCOM\packageosc00.vhdl changed - recompiling
File C:\Users\Jorge Castillo\Documents\ESCOM\5\Arquitectura\2\Practicas\expoESCOM\lcdconfig00.vhdl changed - recompiling
File C:\Users\Jorge Castillo\Documents\ESCOM\5\Arquitectura\2\Practicas\expoESCOM\lcddata00.vhdl changed - recompiling
File C:\Users\Jorge Castillo\Documents\ESCOM\5\Arquitectura\2\Practicas\expoESCOM\lcdmux00.vhdl changed - recompiling
File C:\Users\Jorge Castillo\Documents\ESCOM\5\Arquitectura\2\Practicas\expoESCOM\lcdcontconfig00.vhdl changed - recompiling
File C:\Users\Jorge Castillo\Documents\ESCOM\5\Arquitectura\2\Practicas\expoESCOM\lcdcontdata00.vhdl changed - recompiling
File C:\Users\Jorge Castillo\Documents\ESCOM\5\Arquitectura\2\Practicas\expoESCOM\contring00.vhdl changed - recompiling
File C:\Users\Jorge Castillo\Documents\ESCOM\5\Arquitectura\2\Practicas\expoESCOM\decodifica00.vhdl changed - recompiling
File C:\Users\Jorge Castillo\Documents\ESCOM\5\Arquitectura\2\Practicas\expoESCOM\packagelcd00.vhdl changed - recompiling
File C:\Users\Jorge Castillo\Documents\ESCOM\5\Arquitectura\2\Practicas\expoESCOM\toposc00.vhdl changed - recompiling
File C:\Users\Jorge Castillo\Documents\ESCOM\5\Arquitectura\2\Practicas\expoESCOM\toplcd00.vhdl changed - recompiling
VHDL syntax check successful!
File C:\Users\Jorge Castillo\Documents\ESCOM\5\Arquitectura\2\Practicas\expoESCOM\decodifica00.vhdl changed - recompiling
@N: CD630 :"C:\Users\Jorge Castillo\Documents\ESCOM\5\Arquitectura\2\Practicas\expoESCOM\toplcd00.vhdl":7:7:7:14|Synthesizing work.toplcd00.toplcd0.
@W: CD638 :"C:\Users\Jorge Castillo\Documents\ESCOM\5\Arquitectura\2\Practicas\expoESCOM\toplcd00.vhdl":36:7:36:15|Signal souflagcc is undriven. Either assign the signal a value or remove the signal declaration.
@W: CD638 :"C:\Users\Jorge Castillo\Documents\ESCOM\5\Arquitectura\2\Practicas\expoESCOM\toplcd00.vhdl":42:7:42:13|Signal auxcont is undriven. Either assign the signal a value or remove the signal declaration.
@W: CD638 :"C:\Users\Jorge Castillo\Documents\ESCOM\5\Arquitectura\2\Practicas\expoESCOM\toplcd00.vhdl":43:7:43:14|Signal auxiliar is undriven. Either assign the signal a value or remove the signal declaration.
@N: CD630 :"C:\Users\Jorge Castillo\Documents\ESCOM\5\Arquitectura\2\Practicas\expoESCOM\decodifica00.vhdl":6:7:6:18|Synthesizing work.decodifica00.decodifica0.
@W: CG296 :"C:\Users\Jorge Castillo\Documents\ESCOM\5\Arquitectura\2\Practicas\expoESCOM\decodifica00.vhdl":204:11:204:17|Incomplete sensitivity list; assuming completeness. Make sure all referenced variables in message CG290 are included in the sensitivity list.
@W: CG290 :"C:\Users\Jorge Castillo\Documents\ESCOM\5\Arquitectura\2\Practicas\expoESCOM\decodifica00.vhdl":211:15:211:22|Referenced variable unidades is not in sensitivity list.
@W: CG290 :"C:\Users\Jorge Castillo\Documents\ESCOM\5\Arquitectura\2\Practicas\expoESCOM\decodifica00.vhdl":209:15:209:21|Referenced variable decenas is not in sensitivity list.
Post processing for work.decodifica00.decodifica0
@W: CL117 :"C:\Users\Jorge Castillo\Documents\ESCOM\5\Arquitectura\2\Practicas\expoESCOM\decodifica00.vhdl":206:2:206:5|Latch generated from process for signal out7seg0(6 downto 0); possible missing assignment in an if or case statement.
@N: CD630 :"C:\Users\Jorge Castillo\Documents\ESCOM\5\Arquitectura\2\Practicas\expoESCOM\contring00.vhdl":6:7:6:16|Synthesizing work.contring00.contring0.
Post processing for work.contring00.contring0
@W: CL279 :"C:\Users\Jorge Castillo\Documents\ESCOM\5\Arquitectura\2\Practicas\expoESCOM\contring00.vhdl":18:4:18:5|Pruning register bits 3 to 1 of sshift(3 downto 0). If this is not the intended behavior, drive the inputs with valid values, or inputs from the top level.
@N: CD630 :"C:\Users\Jorge Castillo\Documents\ESCOM\5\Arquitectura\2\Practicas\expoESCOM\lcdmux00.vhdl":8:7:8:14|Synthesizing work.lcdmux00.lcdmux0.
@W: CG296 :"C:\Users\Jorge Castillo\Documents\ESCOM\5\Arquitectura\2\Practicas\expoESCOM\lcdmux00.vhdl":28:11:28:17|Incomplete sensitivity list; assuming completeness. Make sure all referenced variables in message CG290 are included in the sensitivity list.
@W: CG290 :"C:\Users\Jorge Castillo\Documents\ESCOM\5\Arquitectura\2\Practicas\expoESCOM\lcdmux00.vhdl":47:10:47:14|Referenced variable inend is not in sensitivity list.
@W: CG290 :"C:\Users\Jorge Castillo\Documents\ESCOM\5\Arquitectura\2\Practicas\expoESCOM\lcdmux00.vhdl":46:10:46:14|Referenced variable inrsd is not in sensitivity list.
@W: CG290 :"C:\Users\Jorge Castillo\Documents\ESCOM\5\Arquitectura\2\Practicas\expoESCOM\lcdmux00.vhdl":45:10:45:14|Referenced variable inrwd is not in sensitivity list.
@W: CG290 :"C:\Users\Jorge Castillo\Documents\ESCOM\5\Arquitectura\2\Practicas\expoESCOM\lcdmux00.vhdl":42:10:42:14|Referenced variable inenc is not in sensitivity list.
@W: CG290 :"C:\Users\Jorge Castillo\Documents\ESCOM\5\Arquitectura\2\Practicas\expoESCOM\lcdmux00.vhdl":41:10:41:14|Referenced variable inrsc is not in sensitivity list.
@W: CG290 :"C:\Users\Jorge Castillo\Documents\ESCOM\5\Arquitectura\2\Practicas\expoESCOM\lcdmux00.vhdl":40:10:40:14|Referenced variable inrwc is not in sensitivity list.
@W: CG290 :"C:\Users\Jorge Castillo\Documents\ESCOM\5\Arquitectura\2\Practicas\expoESCOM\lcdmux00.vhdl":30:9:30:16|Referenced variable resetmux is not in sensitivity list.
@W: CG290 :"C:\Users\Jorge Castillo\Documents\ESCOM\5\Arquitectura\2\Practicas\expoESCOM\lcdmux00.vhdl":37:7:37:21|Referenced variable inflagmuxconfig is not in sensitivity list.
Post processing for work.lcdmux00.lcdmux0
@N: CD630 :"C:\Users\Jorge Castillo\Documents\ESCOM\5\Arquitectura\2\Practicas\expoESCOM\lcddata00.vhdl":8:7:8:15|Synthesizing work.lcddata00.lcddata0.
Post processing for work.lcddata00.lcddata0
@N: CL189 :"C:\Users\Jorge Castillo\Documents\ESCOM\5\Arquitectura\2\Practicas\expoESCOM\lcddata00.vhdl":39:3:39:4|Register bit outwordd(7) is always 0.
@W: CL260 :"C:\Users\Jorge Castillo\Documents\ESCOM\5\Arquitectura\2\Practicas\expoESCOM\lcddata00.vhdl":39:3:39:4|Pruning register bit 7 of outwordd(7 downto 0). If this is not the intended behavior, drive the input with valid values, or an input from the top level.
@N: CD630 :"C:\Users\Jorge Castillo\Documents\ESCOM\5\Arquitectura\2\Practicas\expoESCOM\lcdcontdata00.vhdl":8:7:8:19|Synthesizing work.lcdcontdata00.lcdcontdata0.
@N: CD364 :"C:\Users\Jorge Castillo\Documents\ESCOM\5\Arquitectura\2\Practicas\expoESCOM\lcdcontdata00.vhdl":52:6:52:14|Removing redundant assignment.
Post processing for work.lcdcontdata00.lcdcontdata0
@N: CD630 :"C:\Users\Jorge Castillo\Documents\ESCOM\5\Arquitectura\2\Practicas\expoESCOM\lcdconfig00.vhdl":8:7:8:17|Synthesizing work.lcdconfig00.lcdconfig0.
Post processing for work.lcdconfig00.lcdconfig0
@N: CD630 :"C:\Users\Jorge Castillo\Documents\ESCOM\5\Arquitectura\2\Practicas\expoESCOM\lcdcontconfig00.vhdl":8:7:8:21|Synthesizing work.lcdcontconfig00.lcdcontconfig0.
@N: CD364 :"C:\Users\Jorge Castillo\Documents\ESCOM\5\Arquitectura\2\Practicas\expoESCOM\lcdcontconfig00.vhdl":31:6:31:14|Removing redundant assignment.
Post processing for work.lcdcontconfig00.lcdcontconfig0
@N: CD630 :"C:\Users\Jorge Castillo\Documents\ESCOM\5\Arquitectura\2\Practicas\expoESCOM\toposc00.vhdl":9:7:9:14|Synthesizing work.toposc00.toposc0.
@N: CD630 :"C:\Users\Jorge Castillo\Documents\ESCOM\5\Arquitectura\2\Practicas\expoESCOM\div00.vhdl":8:7:8:11|Synthesizing work.div00.div0.
Post processing for work.div00.div0
@N: CD630 :"C:\Users\Jorge Castillo\Documents\ESCOM\5\Arquitectura\2\Practicas\expoESCOM\osc00.vhdl":9:7:9:11|Synthesizing work.osc00.osc0.
@W: CD276 :"C:\lscc\diamond\3.10_x64\cae_library\synthesis\vhdl\machxo2.vhd":2297:8:2297:15|Map for port sedstdby of component osch not found
@N: CD630 :"C:\lscc\diamond\3.10_x64\cae_library\synthesis\vhdl\machxo2.vhd":2291:10:2291:13|Synthesizing work.osch.syn_black_box.
Post processing for work.osch.syn_black_box
Post processing for work.osc00.osc0
Post processing for work.toposc00.toposc0
Post processing for work.toplcd00.toplcd0
@N: CL189 :"C:\Users\Jorge Castillo\Documents\ESCOM\5\Arquitectura\2\Practicas\expoESCOM\lcdconfig00.vhdl":25:4:25:5|Register bit RSc is always 0.
@N: CL189 :"C:\Users\Jorge Castillo\Documents\ESCOM\5\Arquitectura\2\Practicas\expoESCOM\lcdconfig00.vhdl":25:4:25:5|Register bit RWc is always 0.
@N: CL189 :"C:\Users\Jorge Castillo\Documents\ESCOM\5\Arquitectura\2\Practicas\expoESCOM\lcdconfig00.vhdl":25:4:25:5|Register bit outWordc(6) is always 0.
@W: CL260 :"C:\Users\Jorge Castillo\Documents\ESCOM\5\Arquitectura\2\Practicas\expoESCOM\lcdconfig00.vhdl":25:4:25:5|Pruning register bit 6 of outWordc(7 downto 0). If this is not the intended behavior, drive the input with valid values, or an input from the top level.
@N: CL189 :"C:\Users\Jorge Castillo\Documents\ESCOM\5\Arquitectura\2\Practicas\expoESCOM\lcdcontdata00.vhdl":25:4:25:5|Register bit outcontcd(4) is always 0.
@N: CL189 :"C:\Users\Jorge Castillo\Documents\ESCOM\5\Arquitectura\2\Practicas\expoESCOM\lcdcontdata00.vhdl":25:4:25:5|Register bit RWcd is always 0.
@W: CL260 :"C:\Users\Jorge Castillo\Documents\ESCOM\5\Arquitectura\2\Practicas\expoESCOM\lcdcontdata00.vhdl":25:4:25:5|Pruning register bit 4 of outcontcd(4 downto 0). If this is not the intended behavior, drive the input with valid values, or an input from the top level.

At c_vhdl Exit (Real Time elapsed 0h:00m:00s; CPU Time elapsed 0h:00m:00s; Memory used current: 78MB peak: 80MB)

Process took 0h:00m:01s realtime, 0h:00m:01s cputime

Process completed successfully.
# Wed Jun  6 08:49:59 2018

###########################################################]
Synopsys Netlist Linker, version comp2017q2p1, Build 190R, built Aug  4 2017
@N|Running in 64-bit mode
File C:\Users\Jorge Castillo\Documents\ESCOM\5\Arquitectura\2\Practicas\expoESCOM\lcd00\synwork\layer0.srs changed - recompiling

At syn_nfilter Exit (Real Time elapsed 0h:00m:00s; CPU Time elapsed 0h:00m:00s; Memory used current: 67MB peak: 68MB)

Process took 0h:00m:01s realtime, 0h:00m:01s cputime

Process completed successfully.
# Wed Jun  6 08:49:59 2018

###########################################################]
@END

At c_hdl Exit (Real Time elapsed 0h:00m:00s; CPU Time elapsed 0h:00m:00s; Memory used current: 3MB peak: 4MB)

Process took 0h:00m:01s realtime, 0h:00m:01s cputime

Process completed successfully.
# Wed Jun  6 08:49:59 2018

###########################################################]
Synopsys Netlist Linker, version comp2017q2p1, Build 190R, built Aug  4 2017
@N|Running in 64-bit mode
File C:\Users\Jorge Castillo\Documents\ESCOM\5\Arquitectura\2\Practicas\expoESCOM\lcd00\synwork\lcd00_lcd00_comp.srs changed - recompiling

At syn_nfilter Exit (Real Time elapsed 0h:00m:00s; CPU Time elapsed 0h:00m:00s; Memory used current: 67MB peak: 68MB)

Process took 0h:00m:01s realtime, 0h:00m:01s cputime

Process completed successfully.
# Wed Jun  6 08:50:00 2018

###########################################################]
Pre-mapping Report

# Wed Jun  6 08:50:00 2018

Synopsys Lattice Technology Pre-mapping, Version maplat, Build 1796R, Built Aug  4 2017 11:10:16
Copyright (C) 1994-2017 Synopsys, Inc. This Synopsys software and all associated documentation are proprietary to Synopsys, Inc. and may only be used pursuant to the terms and conditions of a written license agreement with Synopsys, Inc. All other use, reproduction, modification, or distribution of the Synopsys software or the associated documentation is strictly prohibited.
Product Version M-2017.03L-SP1-1

Mapper Startup Complete (Real Time elapsed 0h:00m:00s; CPU Time elapsed 0h:00m:00s; Memory used current: 99MB peak: 100MB)

@A: MF827 |No constraint file specified.
@L: C:\Users\Jorge Castillo\Documents\ESCOM\5\Arquitectura\2\Practicas\expoESCOM\lcd00\lcd00_lcd00_scck.rpt 
Printing clock  summary report in "C:\Users\Jorge Castillo\Documents\ESCOM\5\Arquitectura\2\Practicas\expoESCOM\lcd00\lcd00_lcd00_scck.rpt" file 
@N: MF248 |Running in 64-bit mode.
@N: MF666 |Clock conversion enabled. (Command "set_option -fix_gated_and_generated_clocks 1" in the project file.)

Design Input Complete (Real Time elapsed 0h:00m:00s; CPU Time elapsed 0h:00m:00s; Memory used current: 100MB peak: 103MB)


Mapper Initialization Complete (Real Time elapsed 0h:00m:00s; CPU Time elapsed 0h:00m:00s; Memory used current: 100MB peak: 103MB)


Start loading timing files (Real Time elapsed 0h:00m:00s; CPU Time elapsed 0h:00m:00s; Memory used current: 113MB peak: 113MB)


Finished loading timing files (Real Time elapsed 0h:00m:00s; CPU Time elapsed 0h:00m:00s; Memory used current: 113MB peak: 115MB)

@W: BN132 :"c:\users\jorge castillo\documents\escom\5\arquitectura\2\practicas\expoescom\lcdcontdata00.vhdl":25:4:25:5|Removing sequential instance L03.outFlagcd because it is equivalent to instance L03.ENcd. To keep the instance, apply constraint syn_preserve=1 on the instance.
ICG Latch Removal Summary:
Number of ICG latches removed:	0
Number of ICG latches not removed:	0
syn_allowed_resources : blockrams=26  set on top level netlist toplcd00

Finished netlist restructuring (Real Time elapsed 0h:00m:00s; CPU Time elapsed 0h:00m:00s; Memory used current: 140MB peak: 142MB)



Clock Summary
******************

          Start                            Requested     Requested     Clock                                           Clock                   Clock
Level     Clock                            Frequency     Period        Type                                            Group                   Load 
----------------------------------------------------------------------------------------------------------------------------------------------------
0 -       System                           1.0 MHz       1000.000      system                                          system_clkgroup         7    
                                                                                                                                                    
0 -       osc00|OSC_INT_inferred_clock     2.1 MHz       480.769       inferred                                        Inferred_clkgroup_0     25   
1 .         div00|outdiv_derived_clock     2.1 MHz       480.769       derived (from osc00|OSC_INT_inferred_clock)     Inferred_clkgroup_0     34   
====================================================================================================================================================

@W: MT531 :"c:\users\jorge castillo\documents\escom\5\arquitectura\2\practicas\expoescom\decodifica00.vhdl":206:2:206:5|Found signal identified as System clock which controls 7 sequential elements including L08.out7seg0_1[6].  Using this clock, which has no specified timing constraint, can prevent conversion of gated or generated clocks and can adversely impact design performance. 
@W: MT529 :"c:\users\jorge castillo\documents\escom\5\arquitectura\2\practicas\expoescom\div00.vhdl":20:4:20:5|Found inferred clock osc00|OSC_INT_inferred_clock which controls 25 sequential elements including L00.D01.sdiv[23:0]. This clock has no specified timing constraint which may prevent conversion of gated or generated clocks and may adversely impact design performance. 

Finished Pre Mapping Phase.

Starting constraint checker (Real Time elapsed 0h:00m:00s; CPU Time elapsed 0h:00m:00s; Memory used current: 141MB peak: 142MB)


Finished constraint checker preprocessing (Real Time elapsed 0h:00m:00s; CPU Time elapsed 0h:00m:00s; Memory used current: 141MB peak: 142MB)

None
None

Finished constraint checker (Real Time elapsed 0h:00m:00s; CPU Time elapsed 0h:00m:00s; Memory used current: 141MB peak: 142MB)

Pre-mapping successful!

At Mapper Exit (Real Time elapsed 0h:00m:00s; CPU Time elapsed 0h:00m:00s; Memory used current: 57MB peak: 142MB)

Process took 0h:00m:01s realtime, 0h:00m:01s cputime
# Wed Jun  6 08:50:01 2018

###########################################################]
Map & Optimize Report

# Wed Jun  6 08:50:01 2018

Synopsys Lattice Technology Mapper, Version maplat, Build 1796R, Built Aug  4 2017 11:10:16
Copyright (C) 1994-2017 Synopsys, Inc. This Synopsys software and all associated documentation are proprietary to Synopsys, Inc. and may only be used pursuant to the terms and conditions of a written license agreement with Synopsys, Inc. All other use, reproduction, modification, or distribution of the Synopsys software or the associated documentation is strictly prohibited.
Product Version M-2017.03L-SP1-1

Mapper Startup Complete (Real Time elapsed 0h:00m:00s; CPU Time elapsed 0h:00m:00s; Memory used current: 99MB peak: 100MB)

@N: MF248 |Running in 64-bit mode.
@N: MF666 |Clock conversion enabled. (Command "set_option -fix_gated_and_generated_clocks 1" in the project file.)

Design Input Complete (Real Time elapsed 0h:00m:00s; CPU Time elapsed 0h:00m:00s; Memory used current: 99MB peak: 100MB)


Mapper Initialization Complete (Real Time elapsed 0h:00m:00s; CPU Time elapsed 0h:00m:00s; Memory used current: 99MB peak: 100MB)


Start loading timing files (Real Time elapsed 0h:00m:00s; CPU Time elapsed 0h:00m:00s; Memory used current: 112MB peak: 112MB)


Finished loading timing files (Real Time elapsed 0h:00m:00s; CPU Time elapsed 0h:00m:00s; Memory used current: 112MB peak: 114MB)



Starting Optimization and Mapping (Real Time elapsed 0h:00m:00s; CPU Time elapsed 0h:00m:00s; Memory used current: 139MB peak: 142MB)


Available hyper_sources - for debug and ip models
	None Found

@W: FA239 :"c:\users\jorge castillo\documents\escom\5\arquitectura\2\practicas\expoescom\lcddata00.vhdl":52:20:52:27|ROM outwordd_2[6:0] (in view: work.lcddata00(lcddata0)) mapped in logic. To map to a technology ROM, apply attribute syn_romstyle on this instance.
@W: FA239 :"c:\users\jorge castillo\documents\escom\5\arquitectura\2\practicas\expoescom\lcddata00.vhdl":52:20:52:27|ROM outwordd_2[6:0] (in view: work.lcddata00(lcddata0)) mapped in logic. To map to a technology ROM, apply attribute syn_romstyle on this instance.
@N: MO106 :"c:\users\jorge castillo\documents\escom\5\arquitectura\2\practicas\expoescom\lcddata00.vhdl":52:20:52:27|Found ROM .delname. (in view: work.lcddata00(lcddata0)) with 16 words by 7 bits.
@W: FA239 :"c:\users\jorge castillo\documents\escom\5\arquitectura\2\practicas\expoescom\decodifica00.vhdl":21:2:21:5|ROM outlevel_1[22:0] (in view: work.decodifica00(decodifica0)) mapped in logic. To map to a technology ROM, apply attribute syn_romstyle on this instance.

Finished RTL optimizations (Real Time elapsed 0h:00m:00s; CPU Time elapsed 0h:00m:00s; Memory used current: 140MB peak: 142MB)


Starting factoring (Real Time elapsed 0h:00m:00s; CPU Time elapsed 0h:00m:00s; Memory used current: 140MB peak: 142MB)


Finished factoring (Real Time elapsed 0h:00m:00s; CPU Time elapsed 0h:00m:00s; Memory used current: 141MB peak: 142MB)


Starting gated-clock and generated-clock conversion (Real Time elapsed 0h:00m:00s; CPU Time elapsed 0h:00m:00s; Memory used current: 141MB peak: 142MB)

@A: BN291 :"c:\users\jorge castillo\documents\escom\5\arquitectura\2\practicas\expoescom\contring00.vhdl":18:4:18:5|Boundary register L07.outcr0_ret[0] (in view: ScratchLib.cell47(netlist)) is packed into a complex cell. To disable register packing, set syn_keep=1 on the net between the register and the complex cell. 
@A: BN291 :"c:\users\jorge castillo\documents\escom\5\arquitectura\2\practicas\expoescom\contring00.vhdl":18:4:18:5|Boundary register L07.outcr0_ret[1] (in view: ScratchLib.cell47(netlist)) is packed into a complex cell. To disable register packing, set syn_keep=1 on the net between the register and the complex cell. 
@A: BN291 :"c:\users\jorge castillo\documents\escom\5\arquitectura\2\practicas\expoescom\contring00.vhdl":18:4:18:5|Boundary register L07.outcr0_ret[2] (in view: ScratchLib.cell47(netlist)) is packed into a complex cell. To disable register packing, set syn_keep=1 on the net between the register and the complex cell. 
@A: BN291 :"c:\users\jorge castillo\documents\escom\5\arquitectura\2\practicas\expoescom\contring00.vhdl":18:4:18:5|Boundary register L07.outcr0_ret[3] (in view: ScratchLib.cell47(netlist)) is packed into a complex cell. To disable register packing, set syn_keep=1 on the net between the register and the complex cell. 
@N: BN362 :"c:\users\jorge castillo\documents\escom\5\arquitectura\2\practicas\expoescom\contring00.vhdl":18:4:18:5|Removing sequential instance L07.outcr0[0] (in view: work.toplcd00(toplcd0)) because it does not drive other instances.
@A: BN291 :"c:\users\jorge castillo\documents\escom\5\arquitectura\2\practicas\expoescom\contring00.vhdl":18:4:18:5|Boundary register L07.outcr0[0] (in view: work.toplcd00(toplcd0)) is packed into a complex cell. To disable register packing, set syn_keep=1 on the net between the register and the complex cell. 
@N: BN362 :"c:\users\jorge castillo\documents\escom\5\arquitectura\2\practicas\expoescom\contring00.vhdl":18:4:18:5|Removing sequential instance L07.outcr0[1] (in view: work.toplcd00(toplcd0)) because it does not drive other instances.
@A: BN291 :"c:\users\jorge castillo\documents\escom\5\arquitectura\2\practicas\expoescom\contring00.vhdl":18:4:18:5|Boundary register L07.outcr0[1] (in view: work.toplcd00(toplcd0)) is packed into a complex cell. To disable register packing, set syn_keep=1 on the net between the register and the complex cell. 
@N: BN362 :"c:\users\jorge castillo\documents\escom\5\arquitectura\2\practicas\expoescom\contring00.vhdl":18:4:18:5|Removing sequential instance L07.outcr0[2] (in view: work.toplcd00(toplcd0)) because it does not drive other instances.
@A: BN291 :"c:\users\jorge castillo\documents\escom\5\arquitectura\2\practicas\expoescom\contring00.vhdl":18:4:18:5|Boundary register L07.outcr0[2] (in view: work.toplcd00(toplcd0)) is packed into a complex cell. To disable register packing, set syn_keep=1 on the net between the register and the complex cell. 
@N: BN362 :"c:\users\jorge castillo\documents\escom\5\arquitectura\2\practicas\expoescom\contring00.vhdl":18:4:18:5|Removing sequential instance L07.outcr0[3] (in view: work.toplcd00(toplcd0)) because it does not drive other instances.
@A: BN291 :"c:\users\jorge castillo\documents\escom\5\arquitectura\2\practicas\expoescom\contring00.vhdl":18:4:18:5|Boundary register L07.outcr0[3] (in view: work.toplcd00(toplcd0)) is packed into a complex cell. To disable register packing, set syn_keep=1 on the net between the register and the complex cell. 

Finished gated-clock and generated-clock conversion (Real Time elapsed 0h:00m:00s; CPU Time elapsed 0h:00m:00s; Memory used current: 141MB peak: 142MB)


Finished generic timing optimizations - Pass 1 (Real Time elapsed 0h:00m:00s; CPU Time elapsed 0h:00m:00s; Memory used current: 142MB peak: 143MB)


Starting Early Timing Optimization (Real Time elapsed 0h:00m:00s; CPU Time elapsed 0h:00m:00s; Memory used current: 142MB peak: 143MB)


Finished Early Timing Optimization (Real Time elapsed 0h:00m:00s; CPU Time elapsed 0h:00m:00s; Memory used current: 142MB peak: 143MB)


Finished generic timing optimizations - Pass 2 (Real Time elapsed 0h:00m:00s; CPU Time elapsed 0h:00m:00s; Memory used current: 142MB peak: 143MB)

@N: FX214 :"c:\users\jorge castillo\documents\escom\5\arquitectura\2\practicas\expoescom\decodifica00.vhdl":21:2:21:5|Generating ROM L08.decenas[34:0] (in view: work.toplcd00(toplcd0)).

Finished preparing to map (Real Time elapsed 0h:00m:00s; CPU Time elapsed 0h:00m:00s; Memory used current: 142MB peak: 143MB)


Finished technology mapping (Real Time elapsed 0h:00m:00s; CPU Time elapsed 0h:00m:00s; Memory used current: 144MB peak: 146MB)

Pass		 CPU time		Worst Slack		Luts / Registers
------------------------------------------------------------
   1		0h:00m:00s		   988.22ns		 145 /        72

Finished technology timing optimizations and critical path resynthesis (Real Time elapsed 0h:00m:00s; CPU Time elapsed 0h:00m:00s; Memory used current: 144MB peak: 146MB)

@N: FX164 |The option to pack registers in the IOB has not been specified. Please set syn_useioff attribute.  
@A: BN291 :"c:\users\jorge castillo\documents\escom\5\arquitectura\2\practicas\expoescom\lcdcontconfig00.vhdl":21:4:21:5|Boundary register L01.outcontcc_4_.fb (in view: work.toplcd00(toplcd0)) is packed into a complex cell. To disable register packing, set syn_keep=1 on the net between the register and the complex cell. 
@A: BN291 :"c:\users\jorge castillo\documents\escom\5\arquitectura\2\practicas\expoescom\lcdcontconfig00.vhdl":21:4:21:5|Boundary register L01.outcontcc_3_.fb (in view: work.toplcd00(toplcd0)) is packed into a complex cell. To disable register packing, set syn_keep=1 on the net between the register and the complex cell. 
@A: BN291 :"c:\users\jorge castillo\documents\escom\5\arquitectura\2\practicas\expoescom\lcdcontconfig00.vhdl":21:4:21:5|Boundary register L01.outcontcc_2_.fb (in view: work.toplcd00(toplcd0)) is packed into a complex cell. To disable register packing, set syn_keep=1 on the net between the register and the complex cell. 
@A: BN291 :"c:\users\jorge castillo\documents\escom\5\arquitectura\2\practicas\expoescom\lcdcontconfig00.vhdl":21:4:21:5|Boundary register L01.outcontcc_1_.fb (in view: work.toplcd00(toplcd0)) is packed into a complex cell. To disable register packing, set syn_keep=1 on the net between the register and the complex cell. 
@A: BN291 :"c:\users\jorge castillo\documents\escom\5\arquitectura\2\practicas\expoescom\lcdcontconfig00.vhdl":21:4:21:5|Boundary register L01.outcontcc_0_.fb (in view: work.toplcd00(toplcd0)) is packed into a complex cell. To disable register packing, set syn_keep=1 on the net between the register and the complex cell. 
@A: BN291 :"c:\users\jorge castillo\documents\escom\5\arquitectura\2\practicas\expoescom\lcdcontdata00.vhdl":25:4:25:5|Boundary register L03.outcontcd_1_3_.fb (in view: work.toplcd00(toplcd0)) is packed into a complex cell. To disable register packing, set syn_keep=1 on the net between the register and the complex cell. 
@A: BN291 :"c:\users\jorge castillo\documents\escom\5\arquitectura\2\practicas\expoescom\lcdcontdata00.vhdl":25:4:25:5|Boundary register L03.outcontcd_1_2_.fb (in view: work.toplcd00(toplcd0)) is packed into a complex cell. To disable register packing, set syn_keep=1 on the net between the register and the complex cell. 
@A: BN291 :"c:\users\jorge castillo\documents\escom\5\arquitectura\2\practicas\expoescom\lcdcontdata00.vhdl":25:4:25:5|Boundary register L03.outcontcd_1_1_.fb (in view: work.toplcd00(toplcd0)) is packed into a complex cell. To disable register packing, set syn_keep=1 on the net between the register and the complex cell. 
@A: BN291 :"c:\users\jorge castillo\documents\escom\5\arquitectura\2\practicas\expoescom\lcdcontdata00.vhdl":25:4:25:5|Boundary register L03.outcontcd_1_0_.fb (in view: work.toplcd00(toplcd0)) is packed into a complex cell. To disable register packing, set syn_keep=1 on the net between the register and the complex cell. 
@A: BN291 :"c:\users\jorge castillo\documents\escom\5\arquitectura\2\practicas\expoescom\lcdcontdata00.vhdl":25:4:25:5|Boundary register L03.ENcd.fb (in view: work.toplcd00(toplcd0)) is packed into a complex cell. To disable register packing, set syn_keep=1 on the net between the register and the complex cell. 
@A: BN291 :"c:\users\jorge castillo\documents\escom\5\arquitectura\2\practicas\expoescom\lcdconfig00.vhdl":25:4:25:5|Boundary register L02.outFlagc.fb (in view: work.toplcd00(toplcd0)) is packed into a complex cell. To disable register packing, set syn_keep=1 on the net between the register and the complex cell. 

Finished restoring hierarchy (Real Time elapsed 0h:00m:00s; CPU Time elapsed 0h:00m:00s; Memory used current: 144MB peak: 146MB)

@N: MT611 :|Automatically generated clock osc00|OSC_INT_inferred_clock is not used and is being removed
@N: MT617 :|Automatically generated clock div00|outdiv_derived_clock has lost its master clock osc00|OSC_INT_inferred_clock and is being removed


@S |Clock Optimization Summary


#### START OF CLOCK OPTIMIZATION REPORT #####[

0 non-gated/non-generated clock tree(s) driving 0 clock pin(s) of sequential element(s)
3 gated/generated clock tree(s) driving 80 clock pin(s) of sequential element(s)
0 instances converted, 80 sequential instances remain driven by gated/generated clocks

============================================================================================================ Gated/Generated Clocks ============================================================================================================
Clock Tree ID     Driving Element                 Drive Element Type     Fanout     Sample Instance               Explanation                                                                                                                   
------------------------------------------------------------------------------------------------------------------------------------------------------------------------------------------------------------------------------------------------
@K:CKID0001       L00.D00.OSCInst0                OSCH                   76         L08.outcr0_ret                Gating structure creates improper gating logic. See the Gated Clocks description in the user guide for conversion requirements
@K:CKID0002       L08.muestra\.out7seg08_0_a4     ORCALUT4               2          L08.out7seg0_1_2_.res_lat     No clocks found on inputs                                                                                                     
@K:CKID0003       L08.muestra\.out7seg09_0_a4     ORCALUT4               2          L08.out7seg0_1_5_.res_lat     No clocks found on inputs                                                                                                     
================================================================================================================================================================================================================================================


##### END OF CLOCK OPTIMIZATION REPORT ######]


Start Writing Netlists (Real Time elapsed 0h:00m:00s; CPU Time elapsed 0h:00m:00s; Memory used current: 110MB peak: 146MB)

Writing Analyst data base C:\Users\Jorge Castillo\Documents\ESCOM\5\Arquitectura\2\Practicas\expoESCOM\lcd00\synwork\lcd00_lcd00_m.srm

Finished Writing Netlist Databases (Real Time elapsed 0h:00m:00s; CPU Time elapsed 0h:00m:00s; Memory used current: 143MB peak: 146MB)

Writing EDIF Netlist and constraint files
@N: FX1056 |Writing EDF file: C:\Users\Jorge Castillo\Documents\ESCOM\5\Arquitectura\2\Practicas\expoESCOM\lcd00\lcd00_lcd00.edi
M-2017.03L-SP1-1
@N: BW106 |Synplicity Constraint File capacitance units using default value of 1pF 

Finished Writing EDIF Netlist and constraint files (Real Time elapsed 0h:00m:01s; CPU Time elapsed 0h:00m:01s; Memory used current: 147MB peak: 149MB)


Start final timing analysis (Real Time elapsed 0h:00m:01s; CPU Time elapsed 0h:00m:01s; Memory used current: 147MB peak: 149MB)



##### START OF TIMING REPORT #####[
# Timing Report written on Wed Jun  6 08:50:03 2018
#


Top view:               toplcd00
Requested Frequency:    1.0 MHz
Wire load mode:         top
Paths requested:        5
Constraint File(s):    
@N: MT320 |This timing report is an estimate of place and route data. For final timing results, use the FPGA vendor place and route report.

@N: MT322 |Clock constraints include only register-to-register paths associated with each individual clock.



Performance Summary
*******************


Worst slack in design: 988.264

                   Requested     Estimated     Requested     Estimated                 Clock      Clock          
Starting Clock     Frequency     Frequency     Period        Period        Slack       Type       Group          
-----------------------------------------------------------------------------------------------------------------
System             1.0 MHz       85.2 MHz      1000.000      11.736        988.264     system     system_clkgroup
=================================================================================================================





Clock Relationships
*******************

Clocks            |    rise  to  rise     |    fall  to  fall   |    rise  to  fall   |    fall  to  rise 
----------------------------------------------------------------------------------------------------------
Starting  Ending  |  constraint  slack    |  constraint  slack  |  constraint  slack  |  constraint  slack
----------------------------------------------------------------------------------------------------------
System    System  |  1000.000    988.264  |  No paths    -      |  No paths    -      |  No paths    -    
==========================================================================================================
 Note: 'No paths' indicates there are no paths in the design for that pair of clock edges.
       'Diff grp' indicates that paths exist but the starting clock and ending clock are in different clock groups.



Interface Information 
*********************

No IO constraint found



====================================
Detailed Report for Clock: System
====================================



Starting Points with Worst Slack
********************************

                     Starting                                       Arrival            
Instance             Reference     Type        Pin     Net          Time        Slack  
                     Clock                                                             
---------------------------------------------------------------------------------------
L00.D01.sdiv[10]     System        FD1S3IX     Q       sdiv[10]     1.044       988.264
L00.D01.sdiv[11]     System        FD1S3IX     Q       sdiv[11]     1.044       988.264
L00.D01.sdiv[12]     System        FD1S3IX     Q       sdiv[12]     1.044       988.264
L00.D01.sdiv[13]     System        FD1S3IX     Q       sdiv[13]     1.044       988.264
L00.D01.sdiv[14]     System        FD1S3IX     Q       sdiv[14]     1.044       989.281
L00.D01.sdiv[15]     System        FD1S3IX     Q       sdiv[15]     1.044       989.281
L00.D01.sdiv[16]     System        FD1S3IX     Q       sdiv[16]     1.108       990.305
L00.D01.sdiv[17]     System        FD1S3IX     Q       sdiv[17]     1.108       990.305
L00.D01.sdiv[21]     System        FD1S3IX     Q       sdiv[21]     1.180       990.928
L00.D01.sdiv[22]     System        FD1S3IX     Q       sdiv[22]     1.180       990.928
=======================================================================================


Ending Points with Worst Slack
******************************

                           Starting                                                          Required            
Instance                   Reference     Type        Pin     Net                             Time         Slack  
                           Clock                                                                                 
-----------------------------------------------------------------------------------------------------------------
L08.out7seg0_1[1]          System        FD1P3DX     SP      un1_inanillo0_8_i_0_RNI3LC8     999.528      988.264
L08.out7seg0_1[4]          System        FD1P3BX     SP      un1_inanillo0_8_i_0_RNI3LC8     999.528      988.264
L08.out7seg0_1[6]          System        FD1P3DX     SP      un1_inanillo0_8_i_0_RNI3LC8     999.528      988.264
L08.out7seg0_1_0_.II_0     System        FD1S3DX     D       fb                              999.894      988.694
L08.out7seg0_1_0_.II_1     System        FD1S3BX     D       fb                              999.894      988.694
L08.out7seg0_1_2_.II_0     System        FD1S3DX     D       fb_0                            999.894      988.694
L08.out7seg0_1_2_.II_1     System        FD1S3BX     D       fb_0                            999.894      988.694
L08.out7seg0_1_3_.II_0     System        FD1S3DX     D       fb_1                            999.894      988.694
L08.out7seg0_1_3_.II_1     System        FD1S3BX     D       fb_1                            999.894      988.694
L08.out7seg0_1_5_.II_0     System        FD1S3DX     D       fb_2                            999.894      988.694
=================================================================================================================



Worst Path Information
***********************


Path information for path number 1: 
      Requested Period:                      1000.000
    - Setup time:                            0.472
    + Clock delay at ending point:           0.000 (ideal)
    + Estimated clock delay at ending point: 0.000
    = Required time:                         999.528

    - Propagation time:                      11.265
    - Clock delay at starting point:         0.000 (ideal)
    - Estimated clock delay at start point:  -0.000
    = Slack (critical) :                     988.264

    Number of logic level(s):                9
    Starting point:                          L00.D01.sdiv[10] / Q
    Ending point:                            L08.out7seg0_1[1] / SP
    The start point is clocked by            System [rising] on pin CK
    The end   point is clocked by            System [rising] on pin CK

Instance / Net                                             Pin      Pin               Arrival     No. of    
Name                                          Type         Name     Dir     Delay     Time        Fan Out(s)
------------------------------------------------------------------------------------------------------------
L00.D01.sdiv[10]                              FD1S3IX      Q        Out     1.044     1.044       -         
sdiv[10]                                      Net          -        -       -         -           2         
L00.D01.un1_outdiv_0_sqmuxa_1_i_o8_0_3[0]     ORCALUT4     A        In      0.000     1.044       -         
L00.D01.un1_outdiv_0_sqmuxa_1_i_o8_0_3[0]     ORCALUT4     Z        Out     1.017     2.061       -         
un1_outdiv_0_sqmuxa_1_i_o8_0_3[0]             Net          -        -       -         -           1         
L00.D01.un1_outdiv_0_sqmuxa_1_i_o8_0[0]       ORCALUT4     C        In      0.000     2.061       -         
L00.D01.un1_outdiv_0_sqmuxa_1_i_o8_0[0]       ORCALUT4     Z        Out     1.089     3.149       -         
N_14                                          Net          -        -       -         -           2         
L00.D01.un1_outdiv_1_sqmuxa_i_a2_1            ORCALUT4     C        In      0.000     3.149       -         
L00.D01.un1_outdiv_1_sqmuxa_i_a2_1            ORCALUT4     Z        Out     1.017     4.166       -         
N_85                                          Net          -        -       -         -           1         
L00.D01.un1_outdiv_1_sqmuxa_i_o8              ORCALUT4     B        In      0.000     4.166       -         
L00.D01.un1_outdiv_1_sqmuxa_i_o8              ORCALUT4     Z        Out     1.017     5.183       -         
N_16                                          Net          -        -       -         -           1         
L00.D01.un1_outdiv_1_sqmuxa_i_a8              ORCALUT4     C        In      0.000     5.183       -         
L00.D01.un1_outdiv_1_sqmuxa_i_a8              ORCALUT4     Z        Out     1.153     6.336       -         
N_61                                          Net          -        -       -         -           3         
L00.D01.un1_outdiv_1_sqmuxa_i_0_0_RNI19MU     ORCALUT4     C        In      0.000     6.336       -         
L00.D01.un1_outdiv_1_sqmuxa_i_0_0_RNI19MU     ORCALUT4     Z        Out     1.350     7.686       -         
un1_outdiv_1_sqmuxa_i_0_0_RNI19MU             Net          -        -       -         -           27        
L07.outcr0_0_RNILTET1[1]                      ORCALUT4     C        In      0.000     7.686       -         
L07.outcr0_0_RNILTET1[1]                      ORCALUT4     Z        Out     1.193     8.879       -         
N_3_0ctr                                      Net          -        -       -         -           4         
L08.un1_inanillo0_8_i_0                       ORCALUT4     B        In      0.000     8.879       -         
L08.un1_inanillo0_8_i_0                       ORCALUT4     Z        Out     1.233     10.112      -         
N_159_i                                       Net          -        -       -         -           6         
L08.un1_inanillo0_8_i_0_RNI3LC8               ORCALUT4     B        In      0.000     10.112      -         
L08.un1_inanillo0_8_i_0_RNI3LC8               ORCALUT4     Z        Out     1.153     11.265      -         
un1_inanillo0_8_i_0_RNI3LC8                   Net          -        -       -         -           3         
L08.out7seg0_1[1]                             FD1P3DX      SP       In      0.000     11.265      -         
============================================================================================================



##### END OF TIMING REPORT #####]

Timing exceptions that could not be applied
None

Finished final timing analysis (Real Time elapsed 0h:00m:01s; CPU Time elapsed 0h:00m:01s; Memory used current: 148MB peak: 149MB)


Finished timing report (Real Time elapsed 0h:00m:01s; CPU Time elapsed 0h:00m:01s; Memory used current: 148MB peak: 149MB)

---------------------------------------
Resource Usage Report
Part: lcmxo2_7000he-4

Register bits: 76 of 6864 (1%)
Latch bits:      4
PIC Latch:       0
I/O cells:       86


Details:
CCU2D:          13
FD1P3AX:        8
FD1P3BX:        1
FD1P3DX:        2
FD1P3IX:        21
FD1S1D:         4
FD1S3AX:        11
FD1S3BX:        4
FD1S3DX:        4
FD1S3IX:        25
GSR:            1
IB:             14
OB:             72
ORCALUT4:       152
OSCH:           1
PFUMX:          4
PUR:            1
ROM16X1A:       5
ROM32X1A:       35
VHI:            11
VLO:            11
Mapper successful!

At Mapper Exit (Real Time elapsed 0h:00m:01s; CPU Time elapsed 0h:00m:01s; Memory used current: 31MB peak: 149MB)

Process took 0h:00m:01s realtime, 0h:00m:01s cputime
# Wed Jun  6 08:50:03 2018

###########################################################]


Synthesis exit by 0.

edif2ngd  -l "MachXO2" -d LCMXO2-7000HE -path "C:/Users/Jorge Castillo/Documents/ESCOM/5/Arquitectura/2/Practicas/expoESCOM/lcd00" -path "C:/Users/Jorge Castillo/Documents/ESCOM/5/Arquitectura/2/Practicas/expoESCOM"   "C:/Users/Jorge Castillo/Documents/ESCOM/5/Arquitectura/2/Practicas/expoESCOM/lcd00/lcd00_lcd00.edi" "lcd00_lcd00.ngo"   
edif2ngd:  version Diamond (64-bit) 3.10.0.111.2

Copyright (c) 1991-1994 by NeoCAD Inc. All rights reserved.
Copyright (c) 1995 AT&T Corp.   All rights reserved.
Copyright (c) 1995-2001 Lucent Technologies Inc.  All rights reserved.
Copyright (c) 2001 Agere Systems   All rights reserved.
Copyright (c) 2002-2017 Lattice Semiconductor Corporation,  All rights reserved.
Writing the design to lcd00_lcd00.ngo...

Total CPU Time: 0 secs  

Total REAL Time: 0 secs  


ngdbuild  -a "MachXO2" -d LCMXO2-7000HE  -p "C:/lscc/diamond/3.10_x64/ispfpga/xo2c00/data"  -p "C:/Users/Jorge Castillo/Documents/ESCOM/5/Arquitectura/2/Practicas/expoESCOM/lcd00" -p "C:/Users/Jorge Castillo/Documents/ESCOM/5/Arquitectura/2/Practicas/expoESCOM"  "lcd00_lcd00.ngo" "lcd00_lcd00.ngd"  	
ngdbuild:  version Diamond (64-bit) 3.10.0.111.2

Copyright (c) 1991-1994 by NeoCAD Inc. All rights reserved.
Copyright (c) 1995 AT&T Corp.   All rights reserved.
Copyright (c) 1995-2001 Lucent Technologies Inc.  All rights reserved.
Copyright (c) 2001 Agere Systems   All rights reserved.
Copyright (c) 2002-2017 Lattice Semiconductor Corporation,  All rights reserved.
Reading 'lcd00_lcd00.ngo' ...
Loading NGL library 'C:/lscc/diamond/3.10_x64/ispfpga/xo2c00a/data/xo2alib.ngl'...
Loading NGL library 'C:/lscc/diamond/3.10_x64/ispfpga/xo2c00/data/xo2clib.ngl'...
Loading NGL library 'C:/lscc/diamond/3.10_x64/ispfpga/mg5g00/data/mg5glib.ngl'...
Loading NGL library 'C:/lscc/diamond/3.10_x64/ispfpga/or5g00/data/orc5glib.ngl'...


Running DRC...

    <postMsg mid="1166052" type="Warning" dynamic="2" navigation="1" arg0="logical" arg1="L00/D00/OSCInst0_SEDSTDBY" arg2="L00/D00/OSCInst0_SEDSTDBY"  />
    <postMsg mid="1163101" type="Warning" dynamic="1" navigation="0" arg0="1"  />

Design Results:
    399 blocks expanded
Complete the first expansion.
Writing 'lcd00_lcd00.ngd' ...
Total CPU Time: 0 secs  

Total REAL Time: 0 secs  


map -a "MachXO2" -p LCMXO2-7000HE -t TQFP144 -s 4 -oc Commercial   "lcd00_lcd00.ngd" -o "lcd00_lcd00_map.ncd" -pr "lcd00_lcd00.prf" -mp "lcd00_lcd00.mrp" -lpf "C:/Users/Jorge Castillo/Documents/ESCOM/5/Arquitectura/2/Practicas/expoESCOM/lcd00/lcd00_lcd00_synplify.lpf" -lpf "C:/Users/Jorge Castillo/Documents/ESCOM/5/Arquitectura/2/Practicas/expoESCOM/lcd00.lpf" -c 0            
map:  version Diamond (64-bit) 3.10.0.111.2

Copyright (c) 1991-1994 by NeoCAD Inc. All rights reserved.
Copyright (c) 1995 AT&T Corp.   All rights reserved.
Copyright (c) 1995-2001 Lucent Technologies Inc.  All rights reserved.
Copyright (c) 2001 Agere Systems   All rights reserved.
Copyright (c) 2002-2017 Lattice Semiconductor Corporation,  All rights reserved.
   Process the file: lcd00_lcd00.ngd
   Picdevice="LCMXO2-7000HE"

   Pictype="TQFP144"

   Picspeed=4

   Remove unused logic

   Do not produce over sized NCDs.

Part used: LCMXO2-7000HETQFP144, Performance used: 4.

Loading device for application map from file 'xo2c7000.nph' in environment: C:/lscc/diamond/3.10_x64/ispfpga.
Package Status:                     Final          Version 1.39.

Running general design DRC...

Removing unused logic...

Optimizing...

    <postMsg mid="51001030" type="Warning" dynamic="1" navigation="0" arg0="L08/out7seg08"  />



Design Summary:
   Number of registers:     80 out of  7209 (1%)
      PFU registers:           80 out of  6864 (1%)
      PIO registers:            0 out of   345 (0%)
   Number of SLICEs:       130 out of  3432 (4%)
      SLICEs as Logic/ROM:    130 out of  3432 (4%)
      SLICEs as RAM:            0 out of  2574 (0%)
      SLICEs as Carry:         13 out of  3432 (0%)
   Number of LUT4s:        256 out of  6864 (4%)
      Number used as logic LUTs:        230
      Number used as distributed RAM:     0
      Number used as ripple logic:       26
      Number used as shift registers:     0
   Number of PIO sites used: 86 + 4(JTAG) out of 115 (78%)
   Number of block RAMs:  0 out of 26 (0%)
   Number of GSRs:  1 out of 1 (100%)
   EFB used :       No
   JTAG used :      No
   Readback used :  No
   Oscillator used :  Yes
   Startup used :   No
   POR :            On
   Bandgap :        On
   Number of Power Controller:  0 out of 1 (0%)
   Number of Dynamic Bank Controller (BCINRD):  0 out of 6 (0%)
   Number of Dynamic Bank Controller (BCLVDSO):  0 out of 1 (0%)
   Number of DCCA:  0 out of 8 (0%)
   Number of DCMA:  0 out of 2 (0%)
   Number of PLLs:  0 out of 2 (0%)
   Number of DQSDLLs:  0 out of 2 (0%)
   Number of CLKDIVC:  0 out of 4 (0%)
   Number of ECLKSYNCA:  0 out of 4 (0%)
   Number of ECLKBRIDGECS:  0 out of 2 (0%)
   Notes:-
      1. Total number of LUT4s = (Number of logic LUT4s) + 2*(Number of distributed RAMs) + 2*(Number of ripple logic)
      2. Number of logic LUT4s does not include count of distributed RAM and ripple logic.
   Number of clocks:  3
     Net L00.sclk_0_0: 48 loads, 48 rising, 0 falling (Driver: L00/D00/OSCInst0 )
     Net L08/out7seg08: 1 loads, 1 rising, 0 falling (Driver: L08/muestra.out7seg08_0_a4 )
     Net L08/out7seg09: 2 loads, 2 rising, 0 falling (Driver: L08/muestra.out7seg09_0_a4 )
   Number of Clock Enables:  6
     Net L08/un1_inanillo0_8_i_0_RNI3LC8: 2 loads, 2 LSLICEs
     Net un1_outdiv_1_sqmuxa_i_0_0_RNI19MU: 8 loads, 8 LSLICEs
     Net L04/outwordd_1_cnv[0]: 4 loads, 4 LSLICEs
     Net L03/un2_outcontcd_c4_RNIPPJT1: 2 loads, 2 LSLICEs
     Net L02/outWordc_19_i_0_o2_RNIBR3F2[4]: 4 loads, 4 LSLICEs
     Net L02/outFlagc_RNO: 1 loads, 1 LSLICEs
   Number of local set/reset loads for net L08/out7seg08 merged into GSR:  6
   Number of LSRs:  6
     Net L08/out7seg09: 4 loads, 4 LSLICEs
     Net L08/N_7_i: 2 loads, 2 LSLICEs
     Net un1_outdiv_1_sqmuxa_i_0_0_RNI8NA41: 8 loads, 8 LSLICEs
     Net un1_outdiv_1_sqmuxa_i_0_0_RNIPT5F1: 6 loads, 6 LSLICEs
     Net un1_outdiv_1_sqmuxa_i_0_0_RNI3T481: 1 loads, 1 LSLICEs
     Net L00/D01/N_6_i: 13 loads, 13 LSLICEs
   Number of nets driven by tri-state buffers:  0
   Top 10 highest fanout non-clock nets:
     Net inadc00_c[3]: 63 loads
     Net inadc00_c[2]: 62 loads
     Net inadc00_c[1]: 60 loads
     Net inadc00_c[0]: 51 loads
     Net inadc00_c[4]: 40 loads
     Net inadc00_c[5]: 35 loads
     Net reset0_c: 28 loads
     Net inadc00_c[6]: 27 loads
     Net inadc00_c[7]: 27 loads
     Net un1_outdiv_1_sqmuxa_i_0_0_RNI19MU: 23 loads
 

   Number of warnings:  1
   Number of errors:    0



Total CPU Time: 0 secs  
Total REAL Time: 0 secs  
Peak Memory Usage: 60 MB

Dumping design to file lcd00_lcd00_map.ncd.

mpartrce -p "lcd00_lcd00.p2t" -f "lcd00_lcd00.p3t" -tf "lcd00_lcd00.pt" "lcd00_lcd00_map.ncd" "lcd00_lcd00.ncd"

---- MParTrce Tool ----
Removing old design directory at request of -rem command line option to this program.
Running par. Please wait . . .

Lattice Place and Route Report for Design "lcd00_lcd00_map.ncd"
Wed Jun 06 08:50:06 2018

PAR: Place And Route Diamond (64-bit) 3.10.0.111.2.
Command Line: par -w -l 5 -i 6 -t 1 -c 0 -e 0 -gui -msgset "C:/Users/Jorge Castillo/Documents/ESCOM/5/Arquitectura/2/Practicas/expoESCOM/promote.xml" -exp parUseNBR=1:parCDP=0:parCDR=0:parPathBased=OFF lcd00_lcd00_map.ncd lcd00_lcd00.dir/5_1.ncd lcd00_lcd00.prf
Preference file: lcd00_lcd00.prf.
Placement level-cost: 5-1.
Routing Iterations: 6

Loading design for application par from file lcd00_lcd00_map.ncd.
Design name: toplcd00
NCD version: 3.3
Vendor:      LATTICE
Device:      LCMXO2-7000HE
Package:     TQFP144
Performance: 4
Loading device for application par from file 'xo2c7000.nph' in environment: C:/lscc/diamond/3.10_x64/ispfpga.
Package Status:                     Final          Version 1.39.
Performance Hardware Data Status:   Final          Version 34.4.
License checked out.


Ignore Preference Error(s):  True
Device utilization summary:

   PIO (prelim)   86+4(JTAG)/336     27% used
                  86+4(JTAG)/115     78% bonded

   SLICE            130/3432          3% used

   GSR                1/1           100% used
   OSC                1/1           100% used


Number of Signals: 325
Number of Connections: 1101

Pin Constraint Summary:
   62 out of 86 pins locked (72% locked).

The following 1 signal is selected to use the primary clock routing resources:
    L00.sclk_0_0 (driver: L00/D00/OSCInst0, clk load #: 48)


The following 1 signal is selected to use the secondary clock routing resources:
    L00/D01/N_6_i (driver: L00/D01/SLICE_101, clk load #: 0, sr load #: 13, ce load #: 0)

Signal L08/out7seg08 is selected as Global Set/Reset.
.
Starting Placer Phase 0.
.............
Finished Placer Phase 0.  REAL time: 0 secs 

Starting Placer Phase 1.
....................
Placer score = 113014.
Finished Placer Phase 1.  REAL time: 5 secs 

Starting Placer Phase 2.
.
Placer score =  112768
Finished Placer Phase 2.  REAL time: 5 secs 


------------------ Clock Report ------------------

Global Clock Resources:
  CLK_PIN    : 0 out of 8 (0%)
  PLL        : 0 out of 2 (0%)
  DCM        : 0 out of 2 (0%)
  DCC        : 0 out of 8 (0%)

Quadrants All (TL, TR, BL, BR) - Global Clocks:
  PRIMARY "L00.sclk_0_0" from OSC on comp "L00/D00/OSCInst0" on site "OSC", clk load = 48
  SECONDARY "L00/D01/N_6_i" from F0 on comp "L00/D01/SLICE_101" on site "R21C20B", clk load = 0, ce load = 0, sr load = 13

  PRIMARY  : 1 out of 8 (12%)
  SECONDARY: 1 out of 8 (12%)

Edge Clocks:
  No edge clock selected.

--------------- End of Clock Report ---------------


I/O Usage Summary (final):
   86 + 4(JTAG) out of 336 (26.8%) PIO sites used.
   86 + 4(JTAG) out of 115 (78.3%) bonded PIO sites used.
   Number of PIO comps: 86; differential: 0.
   Number of Vref pins used: 0.

I/O Bank Usage Summary:
+----------+----------------+------------+-----------+
| I/O Bank | Usage          | Bank Vccio | Bank Vref |
+----------+----------------+------------+-----------+
| 0        | 23 / 28 ( 82%) | 2.5V       | -         |
| 1        | 29 / 29 (100%) | 2.5V       | -         |
| 2        | 19 / 29 ( 65%) | 2.5V       | -         |
| 3        | 4 / 9 ( 44%)   | 2.5V       | -         |
| 4        | 5 / 10 ( 50%)  | 2.5V       | -         |
| 5        | 6 / 10 ( 60%)  | 2.5V       | -         |
+----------+----------------+------------+-----------+

Total placer CPU time: 5 secs 

Dumping design to file lcd00_lcd00.dir/5_1.ncd.

0 connections routed; 1101 unrouted.
Starting router resource preassignment

    <postMsg mid="66011008" type="Warning" dynamic="1" navigation="0" arg0="&#xA;   Signal=L08/out7seg08 loads=6 clock_loads=1&#xA;   Signal=L08/out7seg09 loads=10 clock_loads=2"  />

Completed router resource preassignment. Real time: 10 secs 

Start NBR router at 08:50:16 06/06/18

*****************************************************************
Info: NBR allows conflicts(one node used by more than one signal)
      in the earlier iterations. In each iteration, it tries to  
      solve the conflicts while keeping the critical connections 
      routed as short as possible. The routing process is said to
      be completed when no conflicts exist and all connections   
      are routed.                                                
Note: NBR uses a different method to calculate timing slacks. The
      worst slack and total negative slack may not be the same as
      that in TRCE report. You should always run TRCE to verify  
      your design.                                               
*****************************************************************

Start NBR special constraint process at 08:50:16 06/06/18

Start NBR section for initial routing at 08:50:16 06/06/18
Level 4, iteration 1
14(0.00%) conflicts; 0(0.00%) untouched conn; 0 (nbr) score; 
Estimated worst slack/total negative slack<setup>: 463.085ns/0.000ns; real time: 10 secs 

Info: Initial congestion level at 75% usage is 0
Info: Initial congestion area  at 75% usage is 0 (0.00%)

Start NBR section for normal routing at 08:50:16 06/06/18
Level 4, iteration 1
8(0.00%) conflicts; 0(0.00%) untouched conn; 0 (nbr) score; 
Estimated worst slack/total negative slack<setup>: 463.048ns/0.000ns; real time: 10 secs 
Level 4, iteration 2
6(0.00%) conflicts; 0(0.00%) untouched conn; 0 (nbr) score; 
Estimated worst slack/total negative slack<setup>: 463.048ns/0.000ns; real time: 10 secs 
Level 4, iteration 3
3(0.00%) conflicts; 0(0.00%) untouched conn; 0 (nbr) score; 
Estimated worst slack/total negative slack<setup>: 463.048ns/0.000ns; real time: 11 secs 
Level 4, iteration 4
2(0.00%) conflicts; 0(0.00%) untouched conn; 0 (nbr) score; 
Estimated worst slack/total negative slack<setup>: 463.048ns/0.000ns; real time: 11 secs 
Level 4, iteration 5
2(0.00%) conflicts; 0(0.00%) untouched conn; 0 (nbr) score; 
Estimated worst slack/total negative slack<setup>: 463.048ns/0.000ns; real time: 11 secs 
Level 4, iteration 6
1(0.00%) conflict; 0(0.00%) untouched conn; 0 (nbr) score; 
Estimated worst slack/total negative slack<setup>: 463.048ns/0.000ns; real time: 11 secs 
Level 4, iteration 7
1(0.00%) conflict; 0(0.00%) untouched conn; 0 (nbr) score; 
Estimated worst slack/total negative slack<setup>: 463.048ns/0.000ns; real time: 11 secs 
Level 4, iteration 8
1(0.00%) conflict; 0(0.00%) untouched conn; 0 (nbr) score; 
Estimated worst slack/total negative slack<setup>: 463.048ns/0.000ns; real time: 11 secs 
Level 4, iteration 9
0(0.00%) conflict; 0(0.00%) untouched conn; 0 (nbr) score; 
Estimated worst slack/total negative slack<setup>: 463.048ns/0.000ns; real time: 11 secs 

Start NBR section for setup/hold timing optimization with effort level 3 at 08:50:17 06/06/18

Start NBR section for re-routing at 08:50:17 06/06/18
Level 4, iteration 1
0(0.00%) conflict; 0(0.00%) untouched conn; 0 (nbr) score; 
Estimated worst slack/total negative slack<setup>: 463.048ns/0.000ns; real time: 11 secs 

Start NBR section for post-routing at 08:50:17 06/06/18

End NBR router with 0 unrouted connection

NBR Summary
-----------
  Number of unrouted connections : 0 (0.00%)
  Number of connections with timing violations : 0 (0.00%)
  Estimated worst slack<setup> : 463.048ns
  Timing score<setup> : 0
-----------
Notes: The timing info is calculated for SETUP only and all PAR_ADJs are ignored.



    <postMsg mid="66011008" type="Warning" dynamic="1" navigation="0" arg0="&#xA;   Signal=L08/out7seg08 loads=6 clock_loads=1&#xA;   Signal=L08/out7seg09 loads=10 clock_loads=2"  />

Total CPU time 11 secs 
Total REAL time: 11 secs 
Completely routed.
End of route.  1101 routed (100.00%); 0 unrouted.

Hold time timing score: 0, hold timing errors: 0

Timing score: 0 

Dumping design to file lcd00_lcd00.dir/5_1.ncd.


PAR_SUMMARY::Run status = Success
PAR_SUMMARY::Number of unrouted conns = 0
PAR_SUMMARY::Worst  slack<setup/<ns>> = 463.048
PAR_SUMMARY::Timing score<setup/<ns>> = 0.000
PAR_SUMMARY::Worst  slack<hold /<ns>> = 0.314
PAR_SUMMARY::Timing score<hold /<ns>> = 0.000
PAR_SUMMARY::Number of errors = 0

Total CPU  time to completion: 11 secs 
Total REAL time to completion: 11 secs 

par done!

Copyright (c) 1991-1994 by NeoCAD Inc. All rights reserved.
Copyright (c) 1995 AT&T Corp.   All rights reserved.
Copyright (c) 1995-2001 Lucent Technologies Inc.  All rights reserved.
Copyright (c) 2001 Agere Systems   All rights reserved.
Copyright (c) 2002-2017 Lattice Semiconductor Corporation,  All rights reserved.
Exiting par with exit code 0
Exiting mpartrce with exit code 0

bitgen -f "lcd00_lcd00.t2b" -w "lcd00_lcd00.ncd" -jedec "lcd00_lcd00.prf"


BITGEN: Bitstream Generator Diamond (64-bit) 3.10.0.111.2
Copyright (c) 1991-1994 by NeoCAD Inc. All rights reserved.
Copyright (c) 1995 AT&T Corp.   All rights reserved.
Copyright (c) 1995-2001 Lucent Technologies Inc.  All rights reserved.
Copyright (c) 2001 Agere Systems   All rights reserved.
Copyright (c) 2002-2017 Lattice Semiconductor Corporation,  All rights reserved.


Loading design for application Bitgen from file lcd00_lcd00.ncd.
Design name: toplcd00
NCD version: 3.3
Vendor:      LATTICE
Device:      LCMXO2-7000HE
Package:     TQFP144
Performance: 4
Loading device for application Bitgen from file 'xo2c7000.nph' in environment: C:/lscc/diamond/3.10_x64/ispfpga.
Package Status:                     Final          Version 1.39.
Performance Hardware Data Status:   Final          Version 34.4.

Running DRC.
DRC detected 0 errors and 0 warnings.
Reading Preference File from lcd00_lcd00.prf.

Preference Summary:
+---------------------------------+---------------------------------+
|  Preference                     |  Current Setting                |
+---------------------------------+---------------------------------+
|                         RamCfg  |                        Reset**  |
+---------------------------------+---------------------------------+
|                     MCCLK_FREQ  |                         2.08**  |
+---------------------------------+---------------------------------+
|                  CONFIG_SECURE  |                          OFF**  |
+---------------------------------+---------------------------------+
|                          INBUF  |                           ON**  |
+---------------------------------+---------------------------------+
|                      JTAG_PORT  |                       ENABLE**  |
+---------------------------------+---------------------------------+
|                       SDM_PORT  |                      DISABLE**  |
+---------------------------------+---------------------------------+
|                 SLAVE_SPI_PORT  |                      DISABLE**  |
+---------------------------------+---------------------------------+
|                MASTER_SPI_PORT  |                      DISABLE**  |
+---------------------------------+---------------------------------+
|                       I2C_PORT  |                      DISABLE**  |
+---------------------------------+---------------------------------+
|        MUX_CONFIGURATION_PORTS  |                      DISABLE**  |
+---------------------------------+---------------------------------+
|                  CONFIGURATION  |                          CFG**  |
+---------------------------------+---------------------------------+
|                COMPRESS_CONFIG  |                           ON**  |
+---------------------------------+---------------------------------+
|                        MY_ASSP  |                          OFF**  |
+---------------------------------+---------------------------------+
|               ONE_TIME_PROGRAM  |                          OFF**  |
+---------------------------------+---------------------------------+
|                 ENABLE_TRANSFR  |                      DISABLE**  |
+---------------------------------+---------------------------------+
|                  SHAREDEBRINIT  |                      DISABLE**  |
+---------------------------------+---------------------------------+
|            BACKGROUND_RECONFIG  |                          OFF**  |
+---------------------------------+---------------------------------+
 *  Default setting.
 ** The specified setting matches the default setting.


Creating bit map...
 
Bitstream Status: Final           Version 1.94.
 
Saving bit stream in "lcd00_lcd00.jed".
 
===========
UFM Summary.
===========
UFM Size:        2046 Pages (128*2046 Bits).
UFM Utilization: General Purpose Flash Memory.
 
Available General Purpose Flash Memory: 2046 Pages (Page 0 to Page 2045).
Initialized UFM Pages:                     0 Page.
 
