
map -a "MachXO2" -p LCMXO2-7000HE -t TQFP144 -s 5 -oc Commercial   "barrel00_barrel00.ngd" -o "barrel00_barrel00_map.ncd" -pr "barrel00_barrel00.prf" -mp "barrel00_barrel00.mrp" -lpf "C:/Users/Diego EG/Desktop/ArqPracticas/Barrel/barrel00/barrel00_barrel00_synplify.lpf" -lpf "C:/Users/Diego EG/Desktop/ArqPracticas/Barrel/barrel00.lpf" -c 0            
map:  version Diamond Version 3.9.0.99.2

Copyright (c) 1991-1994 by NeoCAD Inc. All rights reserved.
Copyright (c) 1995 AT&T Corp.   All rights reserved.
Copyright (c) 1995-2001 Lucent Technologies Inc.  All rights reserved.
Copyright (c) 2001 Agere Systems   All rights reserved.
Copyright (c) 2002-2017 Lattice Semiconductor Corporation,  All rights reserved.
   Process the file: barrel00_barrel00.ngd
   Picdevice="LCMXO2-7000HE"

   Pictype="TQFP144"

   Picspeed=5

   Remove unused logic

   Do not produce over sized NCDs.

Part used: LCMXO2-7000HETQFP144, Performance used: 5.

Loading device for application map from file 'xo2c7000.nph' in environment: C:/lscc/diamond/3.9/ispfpga.
Package Status:                     Final          Version 1.39.

Running general design DRC...

Removing unused logic...

Optimizing...

    <postMsg mid="51001046" type="Warning" dynamic="1" navigation="0" arg0="Key[1:0](1)"  />
    <postMsg mid="51001046" type="Warning" dynamic="1" navigation="0" arg0="Key[1:0](0)"  />



Design Summary:
   Number of registers:     34 out of  7209 (0%)
      PFU registers:           34 out of  6864 (0%)
      PIO registers:            0 out of   345 (0%)
   Number of SLICEs:        46 out of  3432 (1%)
      SLICEs as Logic/ROM:     46 out of  3432 (1%)
      SLICEs as RAM:            0 out of  2574 (0%)
      SLICEs as Carry:         14 out of  3432 (0%)
   Number of LUT4s:         92 out of  6864 (1%)
      Number used as logic LUTs:         64
      Number used as distributed RAM:     0
      Number used as ripple logic:       28
      Number used as shift registers:     0
   Number of PIO sites used: 32 + 4(JTAG) out of 115 (31%)
   Number of block RAMs:  0 out of 26 (0%)
   Number of GSRs:  0 out of 1 (0%)
   EFB used :       No
   JTAG used :      No
   Readback used :  No
   Oscillator used :  Yes
   Startup used :   No
   POR :            On
   Bandgap :        On
   Number of Power Controller:  0 out of 1 (0%)
   Number of Dynamic Bank Controller (BCINRD):  0 out of 6 (0%)
   Number of Dynamic Bank Controller (BCLVDSO):  0 out of 1 (0%)
   Number of DCCA:  0 out of 8 (0%)
   Number of DCMA:  0 out of 2 (0%)
   Number of PLLs:  0 out of 2 (0%)
   Number of DQSDLLs:  0 out of 2 (0%)
   Number of CLKDIVC:  0 out of 4 (0%)
   Number of ECLKSYNCA:  0 out of 4 (0%)
   Number of ECLKBRIDGECS:  0 out of 2 (0%)
   Notes:-
      1. Total number of LUT4s = (Number of logic LUT4s) + 2*(Number of distributed RAMs) + 2*(Number of ripple logic)
      2. Number of logic LUT4s does not include count of distributed RAM and ripple logic.
   Number of clocks:  1
     Net sclk_0: 18 loads, 18 rising, 0 falling (Driver: UD00/OSCInst0 )
   Number of Clock Enables:  2
     Net un1_outdiv_0_sqmuxa_1_RNIMPIQ: 2 loads, 2 LSLICEs
     Net un1_outdiv_0_sqmuxa_1_RNI7BGH1: 4 loads, 4 LSLICEs
   Number of LSRs:  2
     Net un1_outdiv_0_sqmuxa_1_RNIB4M91: 2 loads, 2 LSLICEs
     Net UD01/un1_outdiv44_2_0_RNIEEEK: 11 loads, 11 LSLICEs
   Number of nets driven by tri-state buffers:  0
   Top 10 highest fanout non-clock nets:
     Net UD01/un1_outdiv44_2_0_RNIEEEK: 11 loads
     Net clr_c: 10 loads
     Net set_c: 8 loads
     Net UD01/sdiv[16]: 8 loads
     Net UD01/sdiv[17]: 8 loads
     Net UD01/sdiv[18]: 8 loads
     Net indiv0_c[0]: 7 loads
     Net indiv0_c[1]: 7 loads
     Net indiv0_c[2]: 7 loads
     Net UD01/sdiv[19]: 7 loads
 

   Number of warnings:  2
   Number of errors:    0



Total CPU Time: 0 secs  
Total REAL Time: 0 secs  
Peak Memory Usage: 49 MB

Dumping design to file barrel00_barrel00_map.ncd.

mpartrce -p "barrel00_barrel00.p2t" -f "barrel00_barrel00.p3t" -tf "barrel00_barrel00.pt" "barrel00_barrel00_map.ncd" "barrel00_barrel00.ncd"

---- MParTrce Tool ----
Removing old design directory at request of -rem command line option to this program.
Running par. Please wait . . .

Lattice Place and Route Report for Design "barrel00_barrel00_map.ncd"
Tue Sep 26 10:32:09 2017

PAR: Place And Route Diamond Version 3.9.0.99.2.
Command Line: par -w -l 5 -i 6 -t 1 -c 0 -e 0 -gui -msgset "C:/Users/Diego EG/Desktop/ArqPracticas/Barrel/promote.xml" -exp parUseNBR=1:parCDP=0:parCDR=0:parPathBased=OFF barrel00_barrel00_map.ncd barrel00_barrel00.dir/5_1.ncd barrel00_barrel00.prf
Preference file: barrel00_barrel00.prf.
Placement level-cost: 5-1.
Routing Iterations: 6

Loading design for application par from file barrel00_barrel00_map.ncd.
Design name: registro
NCD version: 3.3
Vendor:      LATTICE
Device:      LCMXO2-7000HE
Package:     TQFP144
Performance: 5
Loading device for application par from file 'xo2c7000.nph' in environment: C:/lscc/diamond/3.9/ispfpga.
Package Status:                     Final          Version 1.39.
Performance Hardware Data Status:   Final          Version 34.4.
License checked out.


Ignore Preference Error(s):  True
Device utilization summary:

   PIO (prelim)   32+4(JTAG)/336     11% used
                  32+4(JTAG)/115     31% bonded

   SLICE             46/3432          1% used

   OSC                1/1           100% used


Number of Signals: 152
Number of Connections: 341

Pin Constraint Summary:
   32 out of 32 pins locked (100% locked).

The following 1 signal is selected to use the primary clock routing resources:
    sclk_0 (driver: UD00/OSCInst0, clk load #: 18)


The following 1 signal is selected to use the secondary clock routing resources:
    UD01/un1_outdiv44_2_0_RNIEEEK (driver: UD01/SLICE_21, clk load #: 0, sr load #: 11, ce load #: 0)

No signal is selected as Global Set/Reset.
Starting Placer Phase 0.

Finished Placer Phase 0.  REAL time: 3 secs 

Starting Placer Phase 1.
..................
Placer score = 43209.
Finished Placer Phase 1.  REAL time: 10 secs 

Starting Placer Phase 2.
.
Placer score =  43132
Finished Placer Phase 2.  REAL time: 11 secs 


------------------ Clock Report ------------------

Global Clock Resources:
  CLK_PIN    : 0 out of 8 (0%)
  PLL        : 0 out of 2 (0%)
  DCM        : 0 out of 2 (0%)
  DCC        : 0 out of 8 (0%)

Quadrants All (TL, TR, BL, BR) - Global Clocks:
  PRIMARY "sclk_0" from OSC on comp "UD00/OSCInst0" on site "OSC", clk load = 18
  SECONDARY "UD01/un1_outdiv44_2_0_RNIEEEK" from F0 on comp "UD01/SLICE_21" on site "R21C18C", clk load = 0, ce load = 0, sr load = 11

  PRIMARY  : 1 out of 8 (12%)
  SECONDARY: 1 out of 8 (12%)

Edge Clocks:
  No edge clock selected.

--------------- End of Clock Report ---------------


I/O Usage Summary (final):
   32 + 4(JTAG) out of 336 (10.7%) PIO sites used.
   32 + 4(JTAG) out of 115 (31.3%) bonded PIO sites used.
   Number of PIO comps: 32; differential: 0.
   Number of Vref pins used: 0.

I/O Bank Usage Summary:
+----------+----------------+------------+-----------+
| I/O Bank | Usage          | Bank Vccio | Bank Vref |
+----------+----------------+------------+-----------+
| 0        | 8 / 28 ( 28%)  | 2.5V       | -         |
| 1        | 3 / 29 ( 10%)  | 2.5V       | -         |
| 2        | 16 / 29 ( 55%) | 2.5V       | -         |
| 3        | 0 / 9 (  0%)   | -          | -         |
| 4        | 0 / 10 (  0%)  | -          | -         |
| 5        | 5 / 10 ( 50%)  | 2.5V       | -         |
+----------+----------------+------------+-----------+

Total placer CPU time: 9 secs 

Dumping design to file barrel00_barrel00.dir/5_1.ncd.

0 connections routed; 341 unrouted.
Starting router resource preassignment

Completed router resource preassignment. Real time: 13 secs 

Start NBR router at 10:32:22 09/26/17

*****************************************************************
Info: NBR allows conflicts(one node used by more than one signal)
      in the earlier iterations. In each iteration, it tries to  
      solve the conflicts while keeping the critical connections 
      routed as short as possible. The routing process is said to
      be completed when no conflicts exist and all connections   
      are routed.                                                
Note: NBR uses a different method to calculate timing slacks. The
      worst slack and total negative slack may not be the same as
      that in TRCE report. You should always run TRCE to verify  
      your design.                                               
*****************************************************************

Start NBR special constraint process at 10:32:22 09/26/17

Start NBR section for initial routing at 10:32:22 09/26/17
Level 4, iteration 1
6(0.00%) conflicts; 0(0.00%) untouched conn; 0 (nbr) score; 
Estimated worst slack/total negative slack<setup>: 465.917ns/0.000ns; real time: 14 secs 

Info: Initial congestion level at 75% usage is 0
Info: Initial congestion area  at 75% usage is 0 (0.00%)

Start NBR section for normal routing at 10:32:23 09/26/17
Level 4, iteration 1
3(0.00%) conflicts; 0(0.00%) untouched conn; 0 (nbr) score; 
Estimated worst slack/total negative slack<setup>: 465.471ns/0.000ns; real time: 14 secs 
Level 4, iteration 2
0(0.00%) conflict; 0(0.00%) untouched conn; 0 (nbr) score; 
Estimated worst slack/total negative slack<setup>: 465.471ns/0.000ns; real time: 14 secs 

Start NBR section for setup/hold timing optimization with effort level 3 at 10:32:23 09/26/17

Start NBR section for re-routing at 10:32:24 09/26/17
Level 4, iteration 1
0(0.00%) conflict; 0(0.00%) untouched conn; 0 (nbr) score; 
Estimated worst slack/total negative slack<setup>: 465.471ns/0.000ns; real time: 15 secs 

Start NBR section for post-routing at 10:32:24 09/26/17

End NBR router with 0 unrouted connection

NBR Summary
-----------
  Number of unrouted connections : 0 (0.00%)
  Number of connections with timing violations : 0 (0.00%)
  Estimated worst slack<setup> : 465.471ns
  Timing score<setup> : 0
-----------
Notes: The timing info is calculated for SETUP only and all PAR_ADJs are ignored.



Total CPU time 14 secs 
Total REAL time: 16 secs 
Completely routed.
End of route.  341 routed (100.00%); 0 unrouted.

Hold time timing score: 0, hold timing errors: 0

Timing score: 0 

Dumping design to file barrel00_barrel00.dir/5_1.ncd.


PAR_SUMMARY::Run status = completed
PAR_SUMMARY::Number of unrouted conns = 0
PAR_SUMMARY::Worst  slack<setup/<ns>> = 465.471
PAR_SUMMARY::Timing score<setup/<ns>> = 0.000
PAR_SUMMARY::Worst  slack<hold /<ns>> = 0.379
PAR_SUMMARY::Timing score<hold /<ns>> = 0.000
PAR_SUMMARY::Number of errors = 0

Total CPU  time to completion: 14 secs 
Total REAL time to completion: 16 secs 

par done!

Copyright (c) 1991-1994 by NeoCAD Inc. All rights reserved.
Copyright (c) 1995 AT&T Corp.   All rights reserved.
Copyright (c) 1995-2001 Lucent Technologies Inc.  All rights reserved.
Copyright (c) 2001 Agere Systems   All rights reserved.
Copyright (c) 2002-2017 Lattice Semiconductor Corporation,  All rights reserved.
Exiting par with exit code 0
Exiting mpartrce with exit code 0

bitgen -f "barrel00_barrel00.t2b" -w "barrel00_barrel00.ncd" -jedec "barrel00_barrel00.prf"


BITGEN: Bitstream Generator Diamond Version 3.9.0.99.2
Copyright (c) 1991-1994 by NeoCAD Inc. All rights reserved.
Copyright (c) 1995 AT&T Corp.   All rights reserved.
Copyright (c) 1995-2001 Lucent Technologies Inc.  All rights reserved.
Copyright (c) 2001 Agere Systems   All rights reserved.
Copyright (c) 2002-2017 Lattice Semiconductor Corporation,  All rights reserved.


Loading design for application Bitgen from file barrel00_barrel00.ncd.
Design name: registro
NCD version: 3.3
Vendor:      LATTICE
Device:      LCMXO2-7000HE
Package:     TQFP144
Performance: 5
Loading device for application Bitgen from file 'xo2c7000.nph' in environment: C:/lscc/diamond/3.9/ispfpga.
Package Status:                     Final          Version 1.39.
Performance Hardware Data Status:   Final          Version 34.4.

Running DRC.
DRC detected 0 errors and 0 warnings.
Reading Preference File from barrel00_barrel00.prf.

Preference Summary:
+---------------------------------+---------------------------------+
|  Preference                     |  Current Setting                |
+---------------------------------+---------------------------------+
|                         RamCfg  |                        Reset**  |
+---------------------------------+---------------------------------+
|                     MCCLK_FREQ  |                         2.08**  |
+---------------------------------+---------------------------------+
|                  CONFIG_SECURE  |                          OFF**  |
+---------------------------------+---------------------------------+
|                          INBUF  |                           ON**  |
+---------------------------------+---------------------------------+
|                      JTAG_PORT  |                       ENABLE**  |
+---------------------------------+---------------------------------+
|                       SDM_PORT  |                      DISABLE**  |
+---------------------------------+---------------------------------+
|                 SLAVE_SPI_PORT  |                      DISABLE**  |
+---------------------------------+---------------------------------+
|                MASTER_SPI_PORT  |                      DISABLE**  |
+---------------------------------+---------------------------------+
|                       I2C_PORT  |                      DISABLE**  |
+---------------------------------+---------------------------------+
|        MUX_CONFIGURATION_PORTS  |                      DISABLE**  |
+---------------------------------+---------------------------------+
|                  CONFIGURATION  |                          CFG**  |
+---------------------------------+---------------------------------+
|                COMPRESS_CONFIG  |                           ON**  |
+---------------------------------+---------------------------------+
|                        MY_ASSP  |                          OFF**  |
+---------------------------------+---------------------------------+
|               ONE_TIME_PROGRAM  |                          OFF**  |
+---------------------------------+---------------------------------+
|                 ENABLE_TRANSFR  |                      DISABLE**  |
+---------------------------------+---------------------------------+
|                  SHAREDEBRINIT  |                      DISABLE**  |
+---------------------------------+---------------------------------+
|            BACKGROUND_RECONFIG  |                          OFF**  |
+---------------------------------+---------------------------------+
 *  Default setting.
 ** The specified setting matches the default setting.


Creating bit map...
 
Bitstream Status: Final           Version 1.94.
 
Saving bit stream in "barrel00_barrel00.jed".
 
===========
UFM Summary.
===========
UFM Size:        2046 Pages (128*2046 Bits).
UFM Utilization: General Purpose Flash Memory.
 
Available General Purpose Flash Memory: 2046 Pages (Page 0 to Page 2045).
Initialized UFM Pages:                     0 Page.
 
