Running in Lattice mode


Starting:    C:\lscc\diamond\3.9\synpbase\bin\mbin\synbatch.exe
Install:     C:\lscc\diamond\3.9\synpbase
Hostname:    DIEGO
Date:        Tue Sep 26 10:26:02 2017
Version:     L-2016.09L

Arguments:   -product synplify_pro -batch barrel00_barrel00_synplify.tcl
ProductType: synplify_pro





Technology initialized from device list to: LATTICE-XP

log file: "C:\Users\Diego EG\Desktop\ArqPracticas\Barrel\barrel00\barrel00_barrel00.srr"

Running: hdl_info_gen in foreground



Generating HDL info...


hdl_info_gen completed
# Tue Sep 26 10:26:05 2017

Return Code: 0
Run Time:00h:00m:02s

Copied C:\Users\Diego EG\Desktop\ArqPracticas\Barrel\barrel00\barrel00_barrel00.srr to C:\Users\Diego EG\Desktop\ArqPracticas\Barrel\barrel00\barrel00_barrel00.srf

log file: "C:\Users\Diego EG\Desktop\ArqPracticas\Barrel\barrel00\barrel00_barrel00.srr"

Running: barrel00 in foreground



Running proj_1|barrel00


Running: compile (Compile) on proj_1|barrel00
# Tue Sep 26 10:26:05 2017


Running: compile_flow (Compile Process) on proj_1|barrel00
# Tue Sep 26 10:26:05 2017


Running: compiler (Compile Input) on proj_1|barrel00
# Tue Sep 26 10:26:05 2017

Copied C:\Users\Diego EG\Desktop\ArqPracticas\Barrel\barrel00\synwork\barrel00_barrel00_comp.srs to C:\Users\Diego EG\Desktop\ArqPracticas\Barrel\barrel00\barrel00_barrel00.srs


compiler completed
# Tue Sep 26 10:26:09 2017

Return Code: 0
Run Time:00h:00m:04s


Running: multi_srs_gen (Multi-srs Generator) on proj_1|barrel00
# Tue Sep 26 10:26:09 2017


multi_srs_gen completed
# Tue Sep 26 10:26:09 2017

Return Code: 0
Run Time:00h:00m:00s

Copied C:\Users\Diego EG\Desktop\ArqPracticas\Barrel\barrel00\synwork\barrel00_barrel00_mult.srs to C:\Users\Diego EG\Desktop\ArqPracticas\Barrel\barrel00\barrel00_barrel00.srs

Copied C:\Users\Diego EG\Desktop\ArqPracticas\Barrel\barrel00\barrel00_barrel00.srr to C:\Users\Diego EG\Desktop\ArqPracticas\Barrel\barrel00\barrel00_barrel00.srf

Complete: Compile Process on proj_1|barrel00


Running: premap (Pre-mapping) on proj_1|barrel00
# Tue Sep 26 10:26:09 2017


premap completed with warnings
# Tue Sep 26 10:26:12 2017

Return Code: 1
Run Time:00h:00m:03s

Complete: Compile on proj_1|barrel00


Running: map (Map) on proj_1|barrel00
# Tue Sep 26 10:26:12 2017

License granted for 4 parallel jobs


Running: fpga_mapper (Map & Optimize) on proj_1|barrel00
# Tue Sep 26 10:26:12 2017

Copied C:\Users\Diego EG\Desktop\ArqPracticas\Barrel\barrel00\synwork\barrel00_barrel00_m.srm to C:\Users\Diego EG\Desktop\ArqPracticas\Barrel\barrel00\barrel00_barrel00.srm


fpga_mapper completed with warnings
# Tue Sep 26 10:26:16 2017

Return Code: 1
Run Time:00h:00m:04s

Complete: Map on proj_1|barrel00

Copied C:\Users\Diego EG\Desktop\ArqPracticas\Barrel\barrel00\barrel00_barrel00.srr to C:\Users\Diego EG\Desktop\ArqPracticas\Barrel\barrel00\barrel00_barrel00.srf

Complete: Logic Synthesis on proj_1|barrel00

TCL script complete: "barrel00_barrel00_synplify.tcl"

exit status=0

exit status=0

Save changes for project:
C:\Users\Diego EG\Desktop\ArqPracticas\Barrel\barrel00\proj_1.prj

batch mode default:no

