Running in Lattice mode


Starting:    C:\lscc\diamond\3.9\synpbase\bin\mbin\synbatch.exe
Install:     C:\lscc\diamond\3.9\synpbase
Hostname:    DIEGO
Date:        Fri Sep 08 00:56:06 2017
Version:     L-2016.09L

Arguments:   -product synplify_pro -batch nor00_nor00_synplify.tcl
ProductType: synplify_pro





Technology initialized from device list to: LATTICE-XP

Copied C:\Users\Diego EG\Desktop\ArqPracticas\cinco\nor00\nor00\nor00_nor00.srr to C:\Users\Diego EG\Desktop\ArqPracticas\cinco\nor00\nor00\backup\nor00_nor00.srr

log file: "C:\Users\Diego EG\Desktop\ArqPracticas\cinco\nor00\nor00\nor00_nor00.srr"

Running: hdl_info_gen in foreground



Generating HDL info...


hdl_info_gen completed
# Fri Sep 08 00:56:07 2017

Return Code: 0
Run Time:00h:00m:00s

Copied C:\Users\Diego EG\Desktop\ArqPracticas\cinco\nor00\nor00\nor00_nor00.srr to C:\Users\Diego EG\Desktop\ArqPracticas\cinco\nor00\nor00\nor00_nor00.srf

log file: "C:\Users\Diego EG\Desktop\ArqPracticas\cinco\nor00\nor00\nor00_nor00.srr"

Running: nor00 in foreground



Running proj_1|nor00


Running: compile (Compile) on proj_1|nor00
# Fri Sep 08 00:56:07 2017


Running: compile_flow (Compile Process) on proj_1|nor00
# Fri Sep 08 00:56:07 2017


Running: compiler (Compile Input) on proj_1|nor00
# Fri Sep 08 00:56:07 2017

Copied C:\Users\Diego EG\Desktop\ArqPracticas\cinco\nor00\nor00\synwork\nor00_nor00_comp.srs to C:\Users\Diego EG\Desktop\ArqPracticas\cinco\nor00\nor00\nor00_nor00.srs


compiler completed
# Fri Sep 08 00:56:09 2017

Return Code: 0
Run Time:00h:00m:02s


Running: multi_srs_gen (Multi-srs Generator) on proj_1|nor00
# Fri Sep 08 00:56:09 2017


multi_srs_gen completed
# Fri Sep 08 00:56:09 2017

Return Code: 0
Run Time:00h:00m:00s

Copied C:\Users\Diego EG\Desktop\ArqPracticas\cinco\nor00\nor00\synwork\nor00_nor00_mult.srs to C:\Users\Diego EG\Desktop\ArqPracticas\cinco\nor00\nor00\nor00_nor00.srs

Copied C:\Users\Diego EG\Desktop\ArqPracticas\cinco\nor00\nor00\nor00_nor00.srr to C:\Users\Diego EG\Desktop\ArqPracticas\cinco\nor00\nor00\nor00_nor00.srf

Complete: Compile Process on proj_1|nor00


Running: premap (Pre-mapping) on proj_1|nor00
# Fri Sep 08 00:56:09 2017


premap completed
# Fri Sep 08 00:56:10 2017

Return Code: 0
Run Time:00h:00m:01s

Complete: Compile on proj_1|nor00


Running: map (Map) on proj_1|nor00
# Fri Sep 08 00:56:10 2017

License granted for 4 parallel jobs


Running: fpga_mapper (Map & Optimize) on proj_1|nor00
# Fri Sep 08 00:56:10 2017

Copied C:\Users\Diego EG\Desktop\ArqPracticas\cinco\nor00\nor00\synwork\nor00_nor00_m.srm to C:\Users\Diego EG\Desktop\ArqPracticas\cinco\nor00\nor00\nor00_nor00.srm


fpga_mapper completed
# Fri Sep 08 00:56:13 2017

Return Code: 0
Run Time:00h:00m:03s

Complete: Map on proj_1|nor00

Copied C:\Users\Diego EG\Desktop\ArqPracticas\cinco\nor00\nor00\nor00_nor00.srr to C:\Users\Diego EG\Desktop\ArqPracticas\cinco\nor00\nor00\nor00_nor00.srf

Complete: Logic Synthesis on proj_1|nor00

TCL script complete: "nor00_nor00_synplify.tcl"

exit status=0

exit status=0

Save changes for project:
C:\Users\Diego EG\Desktop\ArqPracticas\cinco\nor00\nor00\proj_1.prj

batch mode default:no

