Running in Lattice mode

Starting:    C:\lscc\diamond\3.10_x64\synpbase\bin64\mbin\synbatch.exe
Install:     C:\lscc\diamond\3.10_x64\synpbase
Hostname:    LAPTOP-7VBFQ3A1
Date:        Thu Mar  1 11:26:27 2018
Version:     M-2017.03L-SP1-1

Arguments:   -product synplify_pro -batch oscint_oscint_synplify.tcl
ProductType: synplify_pro




log file: "C:\Users\Jorge Castillo\Documents\ESCOM\5\Arquitectura\oscint\oscint\oscint_oscint.srr"
Running: hdl_info_gen in foreground

Generating HDL info...

hdl_info_gen completed
# Thu Mar  1 11:26:28 2018

Return Code: 0
Run Time:00h:00m:01s
log file: "C:\Users\Jorge Castillo\Documents\ESCOM\5\Arquitectura\oscint\oscint\oscint_oscint.srr"
Running: oscint in foreground

Running proj_1|oscint

Running: compile (Compile) on proj_1|oscint
# Thu Mar  1 11:26:29 2018

Running: compile_flow (Compile Process) on proj_1|oscint
# Thu Mar  1 11:26:29 2018

Running: compiler (Compile Input) on proj_1|oscint
# Thu Mar  1 11:26:29 2018
Copied C:\Users\Jorge Castillo\Documents\ESCOM\5\Arquitectura\oscint\oscint\synwork\oscint_oscint_comp.srs to C:\Users\Jorge Castillo\Documents\ESCOM\5\Arquitectura\oscint\oscint\oscint_oscint.srs

compiler completed
# Thu Mar  1 11:26:33 2018

Return Code: 0
Run Time:00h:00m:04s

Running: multi_srs_gen (Multi-srs Generator) on proj_1|oscint
# Thu Mar  1 11:26:33 2018

multi_srs_gen completed
# Thu Mar  1 11:26:34 2018

Return Code: 0
Run Time:00h:00m:01s
Copied C:\Users\Jorge Castillo\Documents\ESCOM\5\Arquitectura\oscint\oscint\synwork\oscint_oscint_mult.srs to C:\Users\Jorge Castillo\Documents\ESCOM\5\Arquitectura\oscint\oscint\oscint_oscint.srs
Copied C:\Users\Jorge Castillo\Documents\ESCOM\5\Arquitectura\oscint\oscint\oscint_oscint.srr to C:\Users\Jorge Castillo\Documents\ESCOM\5\Arquitectura\oscint\oscint\oscint_oscint.srf
Complete: Compile Process on proj_1|oscint

Running: premap (Pre-mapping) on proj_1|oscint
# Thu Mar  1 11:26:34 2018

premap completed
# Thu Mar  1 11:26:36 2018

Return Code: 0
Run Time:00h:00m:02s
Complete: Compile on proj_1|oscint

Running: map (Map) on proj_1|oscint
# Thu Mar  1 11:26:36 2018
License granted for 4 parallel jobs

Running: fpga_mapper (Map & Optimize) on proj_1|oscint
# Thu Mar  1 11:26:36 2018
Copied C:\Users\Jorge Castillo\Documents\ESCOM\5\Arquitectura\oscint\oscint\synwork\oscint_oscint_m.srm to C:\Users\Jorge Castillo\Documents\ESCOM\5\Arquitectura\oscint\oscint\oscint_oscint.srm

fpga_mapper completed
# Thu Mar  1 11:26:38 2018

Return Code: 0
Run Time:00h:00m:02s
Complete: Map on proj_1|oscint
Copied C:\Users\Jorge Castillo\Documents\ESCOM\5\Arquitectura\oscint\oscint\oscint_oscint.srr to C:\Users\Jorge Castillo\Documents\ESCOM\5\Arquitectura\oscint\oscint\oscint_oscint.srf
Complete: Logic Synthesis on proj_1|oscint
TCL script complete: "oscint_oscint_synplify.tcl"
exit status=0
exit status=0
Save changes for project:
C:\Users\Jorge Castillo\Documents\ESCOM\5\Arquitectura\oscint\oscint\proj_1.prj
batch mode default:no
