Running in Lattice mode


Starting:    C:\lscc\diamond\3.9\synpbase\bin\mbin\synbatch.exe
Install:     C:\lscc\diamond\3.9\synpbase
Hostname:    DIEGO
Date:        Wed Sep 06 11:36:40 2017
Version:     L-2016.09L

Arguments:   -product synplify_pro -batch or00_or00_synplify.tcl
ProductType: synplify_pro





Technology initialized from device list to: LATTICE-XP

log file: "C:\Users\Diego EG\Desktop\ArqPracticas\cinco\or00\or00\or00_or00.srr"

Running: hdl_info_gen in foreground



Generating HDL info...


hdl_info_gen completed
# Wed Sep 06 11:36:42 2017

Return Code: 0
Run Time:00h:00m:02s

Copied C:\Users\Diego EG\Desktop\ArqPracticas\cinco\or00\or00\or00_or00.srr to C:\Users\Diego EG\Desktop\ArqPracticas\cinco\or00\or00\or00_or00.srf

log file: "C:\Users\Diego EG\Desktop\ArqPracticas\cinco\or00\or00\or00_or00.srr"

Running: or00 in foreground



Running proj_1|or00


Running: compile (Compile) on proj_1|or00
# Wed Sep 06 11:36:42 2017


Running: compile_flow (Compile Process) on proj_1|or00
# Wed Sep 06 11:36:42 2017


Running: compiler (Compile Input) on proj_1|or00
# Wed Sep 06 11:36:42 2017

Copied C:\Users\Diego EG\Desktop\ArqPracticas\cinco\or00\or00\synwork\or00_or00_comp.srs to C:\Users\Diego EG\Desktop\ArqPracticas\cinco\or00\or00\or00_or00.srs


compiler completed
# Wed Sep 06 11:36:46 2017

Return Code: 0
Run Time:00h:00m:04s


Running: multi_srs_gen (Multi-srs Generator) on proj_1|or00
# Wed Sep 06 11:36:46 2017


multi_srs_gen completed
# Wed Sep 06 11:36:46 2017

Return Code: 0
Run Time:00h:00m:00s

Copied C:\Users\Diego EG\Desktop\ArqPracticas\cinco\or00\or00\synwork\or00_or00_mult.srs to C:\Users\Diego EG\Desktop\ArqPracticas\cinco\or00\or00\or00_or00.srs

Copied C:\Users\Diego EG\Desktop\ArqPracticas\cinco\or00\or00\or00_or00.srr to C:\Users\Diego EG\Desktop\ArqPracticas\cinco\or00\or00\or00_or00.srf

Complete: Compile Process on proj_1|or00


Running: premap (Pre-mapping) on proj_1|or00
# Wed Sep 06 11:36:46 2017


premap completed
# Wed Sep 06 11:36:49 2017

Return Code: 0
Run Time:00h:00m:03s

Complete: Compile on proj_1|or00


Running: map (Map) on proj_1|or00
# Wed Sep 06 11:36:49 2017

License granted for 4 parallel jobs


Running: fpga_mapper (Map & Optimize) on proj_1|or00
# Wed Sep 06 11:36:49 2017

Copied C:\Users\Diego EG\Desktop\ArqPracticas\cinco\or00\or00\synwork\or00_or00_m.srm to C:\Users\Diego EG\Desktop\ArqPracticas\cinco\or00\or00\or00_or00.srm


fpga_mapper completed
# Wed Sep 06 11:36:52 2017

Return Code: 0
Run Time:00h:00m:03s

Complete: Map on proj_1|or00

Copied C:\Users\Diego EG\Desktop\ArqPracticas\cinco\or00\or00\or00_or00.srr to C:\Users\Diego EG\Desktop\ArqPracticas\cinco\or00\or00\or00_or00.srf

Complete: Logic Synthesis on proj_1|or00

TCL script complete: "or00_or00_synplify.tcl"

exit status=0

exit status=0

Save changes for project:
C:\Users\Diego EG\Desktop\ArqPracticas\cinco\or00\or00\proj_1.prj

batch mode default:no

