
ldbanno "nand00_nand00.ncd" -n VHDL -o "nand00_nand00_vho.vho"         -w -neg 
ldbanno: version Diamond Version 3.9.0.99.2
Copyright (c) 1991-1994 by NeoCAD Inc. All rights reserved.
Copyright (c) 1995 AT&T Corp.   All rights reserved.
Copyright (c) 1995-2001 Lucent Technologies Inc.  All rights reserved.
Copyright (c) 2001 Agere Systems   All rights reserved.
Copyright (c) 2002-2017 Lattice Semiconductor Corporation,  All rights reserved.

Writing a VHDL netlist using the orca library type based on the nand00_nand00 design file.


Loading design for application ldbanno from file nand00_nand00.ncd.
Design name: nand00
NCD version: 3.3
Vendor:      LATTICE
Device:      LCMXO2-7000HE
Package:     TQFP144
Performance: 5
Loading device for application ldbanno from file 'xo2c7000.nph' in environment: C:/lscc/diamond/3.9/ispfpga.
Package Status:                     Final          Version 1.39.
Performance Hardware Data Status:   Final          Version 34.4.
Converting design nand00_nand00.ncd into .ldb format.
Loading preferences from nand00_nand00.prf.
Writing VHDL netlist to file nand00_nand00_vho.vho
Writing SDF timing to file nand00_nand00_vho.sdf
    <postMsg mid="35400250" type="Info"    dynamic="1" navigation="0" arg0="0"  />
