Running in Lattice mode


Starting:    C:\lscc\diamond\3.9\synpbase\bin\mbin\synbatch.exe
Install:     C:\lscc\diamond\3.9\synpbase
Hostname:    DIEGO
Date:        Fri Sep 08 00:45:45 2017
Version:     L-2016.09L

Arguments:   -product synplify_pro -batch nand00_nand00_synplify.tcl
ProductType: synplify_pro





Technology initialized from device list to: LATTICE-XP

Copied C:\Users\Diego EG\Desktop\ArqPracticas\cinco\nand00\nand00\nand00_nand00.srr to C:\Users\Diego EG\Desktop\ArqPracticas\cinco\nand00\nand00\backup\nand00_nand00.srr

log file: "C:\Users\Diego EG\Desktop\ArqPracticas\cinco\nand00\nand00\nand00_nand00.srr"

Running: hdl_info_gen in foreground



Generating HDL info...


hdl_info_gen completed
# Fri Sep 08 00:45:46 2017

Return Code: 0
Run Time:00h:00m:00s

Copied C:\Users\Diego EG\Desktop\ArqPracticas\cinco\nand00\nand00\nand00_nand00.srr to C:\Users\Diego EG\Desktop\ArqPracticas\cinco\nand00\nand00\nand00_nand00.srf

log file: "C:\Users\Diego EG\Desktop\ArqPracticas\cinco\nand00\nand00\nand00_nand00.srr"

Running: nand00 in foreground



Running proj_1|nand00


Running: compile (Compile) on proj_1|nand00
# Fri Sep 08 00:45:46 2017


Running: compile_flow (Compile Process) on proj_1|nand00
# Fri Sep 08 00:45:46 2017


Running: compiler (Compile Input) on proj_1|nand00
# Fri Sep 08 00:45:46 2017

Copied C:\Users\Diego EG\Desktop\ArqPracticas\cinco\nand00\nand00\synwork\nand00_nand00_comp.srs to C:\Users\Diego EG\Desktop\ArqPracticas\cinco\nand00\nand00\nand00_nand00.srs


compiler completed
# Fri Sep 08 00:45:48 2017

Return Code: 0
Run Time:00h:00m:02s


Running: multi_srs_gen (Multi-srs Generator) on proj_1|nand00
# Fri Sep 08 00:45:48 2017


multi_srs_gen completed
# Fri Sep 08 00:45:48 2017

Return Code: 0
Run Time:00h:00m:00s

Copied C:\Users\Diego EG\Desktop\ArqPracticas\cinco\nand00\nand00\synwork\nand00_nand00_mult.srs to C:\Users\Diego EG\Desktop\ArqPracticas\cinco\nand00\nand00\nand00_nand00.srs

Copied C:\Users\Diego EG\Desktop\ArqPracticas\cinco\nand00\nand00\nand00_nand00.srr to C:\Users\Diego EG\Desktop\ArqPracticas\cinco\nand00\nand00\nand00_nand00.srf

Complete: Compile Process on proj_1|nand00


Running: premap (Pre-mapping) on proj_1|nand00
# Fri Sep 08 00:45:48 2017


premap completed
# Fri Sep 08 00:45:49 2017

Return Code: 0
Run Time:00h:00m:01s

Complete: Compile on proj_1|nand00


Running: map (Map) on proj_1|nand00
# Fri Sep 08 00:45:49 2017

License granted for 4 parallel jobs


Running: fpga_mapper (Map & Optimize) on proj_1|nand00
# Fri Sep 08 00:45:49 2017

Copied C:\Users\Diego EG\Desktop\ArqPracticas\cinco\nand00\nand00\synwork\nand00_nand00_m.srm to C:\Users\Diego EG\Desktop\ArqPracticas\cinco\nand00\nand00\nand00_nand00.srm


fpga_mapper completed
# Fri Sep 08 00:45:52 2017

Return Code: 0
Run Time:00h:00m:03s

Complete: Map on proj_1|nand00

Copied C:\Users\Diego EG\Desktop\ArqPracticas\cinco\nand00\nand00\nand00_nand00.srr to C:\Users\Diego EG\Desktop\ArqPracticas\cinco\nand00\nand00\nand00_nand00.srf

Complete: Logic Synthesis on proj_1|nand00

TCL script complete: "nand00_nand00_synplify.tcl"

exit status=0

exit status=0

Save changes for project:
C:\Users\Diego EG\Desktop\ArqPracticas\cinco\nand00\nand00\proj_1.prj

batch mode default:no

