Running in Lattice mode


Starting:    C:\lscc\diamond\3.9\synpbase\bin\mbin\synbatch.exe
Install:     C:\lscc\diamond\3.9\synpbase
Hostname:    DIEGO
Date:        Tue Aug 29 21:10:39 2017
Version:     L-2016.09L

Arguments:   -product synplify_pro -batch and00_and00_synplify.tcl
ProductType: synplify_pro





Technology initialized from device list to: LATTICE-XP

log file: "C:\Users\Diego EG\Desktop\ArqPracticas\cinco\and00\and00\and00_and00.srr"

Running: hdl_info_gen in foreground



Generating HDL info...


hdl_info_gen completed
# Tue Aug 29 21:10:40 2017

Return Code: 0
Run Time:00h:00m:01s

log file: "C:\Users\Diego EG\Desktop\ArqPracticas\cinco\and00\and00\and00_and00.srr"

Running: and00 in foreground



Running proj_1|and00


Running: compile (Compile) on proj_1|and00
# Tue Aug 29 21:10:40 2017


Running: compile_flow (Compile Process) on proj_1|and00
# Tue Aug 29 21:10:40 2017


Running: compiler (Compile Input) on proj_1|and00
# Tue Aug 29 21:10:40 2017

Copied C:\Users\Diego EG\Desktop\ArqPracticas\cinco\and00\and00\synwork\and00_and00_comp.srs to C:\Users\Diego EG\Desktop\ArqPracticas\cinco\and00\and00\and00_and00.srs


compiler completed
# Tue Aug 29 21:10:46 2017

Return Code: 0
Run Time:00h:00m:06s


Running: multi_srs_gen (Multi-srs Generator) on proj_1|and00
# Tue Aug 29 21:10:46 2017


multi_srs_gen completed
# Tue Aug 29 21:10:47 2017

Return Code: 0
Run Time:00h:00m:01s

Copied C:\Users\Diego EG\Desktop\ArqPracticas\cinco\and00\and00\synwork\and00_and00_mult.srs to C:\Users\Diego EG\Desktop\ArqPracticas\cinco\and00\and00\and00_and00.srs

Copied C:\Users\Diego EG\Desktop\ArqPracticas\cinco\and00\and00\and00_and00.srr to C:\Users\Diego EG\Desktop\ArqPracticas\cinco\and00\and00\and00_and00.srf

Complete: Compile Process on proj_1|and00


Running: premap (Pre-mapping) on proj_1|and00
# Tue Aug 29 21:10:47 2017


premap completed
# Tue Aug 29 21:10:48 2017

Return Code: 0
Run Time:00h:00m:01s

Complete: Compile on proj_1|and00


Running: map (Map) on proj_1|and00
# Tue Aug 29 21:10:48 2017

License granted for 4 parallel jobs


Running: fpga_mapper (Map & Optimize) on proj_1|and00
# Tue Aug 29 21:10:48 2017

Copied C:\Users\Diego EG\Desktop\ArqPracticas\cinco\and00\and00\synwork\and00_and00_m.srm to C:\Users\Diego EG\Desktop\ArqPracticas\cinco\and00\and00\and00_and00.srm


fpga_mapper completed
# Tue Aug 29 21:10:52 2017

Return Code: 0
Run Time:00h:00m:04s

Complete: Map on proj_1|and00

Copied C:\Users\Diego EG\Desktop\ArqPracticas\cinco\and00\and00\and00_and00.srr to C:\Users\Diego EG\Desktop\ArqPracticas\cinco\and00\and00\and00_and00.srf

Complete: Logic Synthesis on proj_1|and00

TCL script complete: "and00_and00_synplify.tcl"

exit status=0

exit status=0

Save changes for project:
C:\Users\Diego EG\Desktop\ArqPracticas\cinco\and00\and00\proj_1.prj

batch mode default:no

