Resource Usage Report
Part: lcmxo2_7000he-4

Register bits: 76 of 6864 (1%)
Latch bits:      4
PIC Latch:       0
I/O cells:       86

Details:
CCU2D:          13
FD1P3AX:        8
FD1P3BX:        1
FD1P3DX:        2
FD1P3IX:        21
FD1S1D:         4
FD1S3AX:        11
FD1S3BX:        4
FD1S3DX:        4
FD1S3IX:        25
GSR:            1
IB:             14
OB:             72
ORCALUT4:       155
OSCH:           1
PFUMX:          4
PUR:            1
ROM16X1A:       5
ROM32X1A:       35
VHI:            11
VLO:            11
