
map -a "MachXO2" -p LCMXO2-7000HE -t TQFP144 -s 5 -oc Commercial   "teclado00_teclado0.ngd" -o "teclado00_teclado0_map.ncd" -pr "teclado00_teclado0.prf" -mp "teclado00_teclado0.mrp" -lpf "C:/Users/Jorge Castillo/Documents/ESCOM/5/Arquitectura/Segundo Parcial/teclado00/teclado0/teclado00_teclado0_synplify.lpf" -lpf "C:/Users/Jorge Castillo/Documents/ESCOM/5/Arquitectura/Segundo Parcial/teclado00/teclado00.lpf" -c 0            
map:  version Diamond (64-bit) 3.10.0.111.2

Copyright (c) 1991-1994 by NeoCAD Inc. All rights reserved.
Copyright (c) 1995 AT&T Corp.   All rights reserved.
Copyright (c) 1995-2001 Lucent Technologies Inc.  All rights reserved.
Copyright (c) 2001 Agere Systems   All rights reserved.
Copyright (c) 2002-2017 Lattice Semiconductor Corporation,  All rights reserved.
   Process the file: teclado00_teclado0.ngd
   Picdevice="LCMXO2-7000HE"

   Pictype="TQFP144"

   Picspeed=5

   Remove unused logic

   Do not produce over sized NCDs.

Part used: LCMXO2-7000HETQFP144, Performance used: 5.

Loading device for application map from file 'xo2c7000.nph' in environment: C:/lscc/diamond/3.10_x64/ispfpga.
Package Status:                     Final          Version 1.39.

Running general design DRC...

Removing unused logic...

Optimizing...




Design Summary:
   Number of registers:     56 out of  7209 (1%)
      PFU registers:           49 out of  6864 (1%)
      PIO registers:            7 out of   345 (2%)
   Number of SLICEs:        82 out of  3432 (2%)
      SLICEs as Logic/ROM:     82 out of  3432 (2%)
      SLICEs as RAM:            0 out of  2574 (0%)
      SLICEs as Carry:         13 out of  3432 (0%)
   Number of LUT4s:        163 out of  6864 (2%)
      Number used as logic LUTs:        137
      Number used as distributed RAM:     0
      Number used as ripple logic:       26
      Number used as shift registers:     0
   Number of PIO sites used: 39 + 4(JTAG) out of 115 (37%)
   Number of block RAMs:  0 out of 26 (0%)
   Number of GSRs:  0 out of 1 (0%)
   EFB used :       No
   JTAG used :      No
   Readback used :  No
   Oscillator used :  Yes
   Startup used :   No
   POR :            On
   Bandgap :        On
   Number of Power Controller:  0 out of 1 (0%)
   Number of Dynamic Bank Controller (BCINRD):  0 out of 6 (0%)
   Number of Dynamic Bank Controller (BCLVDSO):  0 out of 1 (0%)
   Number of DCCA:  0 out of 8 (0%)
   Number of DCMA:  0 out of 2 (0%)
   Number of PLLs:  0 out of 2 (0%)
   Number of DQSDLLs:  0 out of 2 (0%)
   Number of CLKDIVC:  0 out of 4 (0%)
   Number of ECLKSYNCA:  0 out of 4 (0%)
   Number of ECLKBRIDGECS:  0 out of 2 (0%)
   Notes:-
      1. Total number of LUT4s = (Number of logic LUT4s) + 2*(Number of distributed RAMs) + 2*(Number of ripple logic)
      2. Number of logic LUT4s does not include count of distributed RAM and ripple logic.
   Number of clocks:  1
     Net K00.sclk_0: 36 loads, 36 rising, 0 falling (Driver: K00/OS00/OSCInst0 )
   Number of Clock Enables:  3
     Net un1_aux0_0_sqmuxa_4_RNIHL4N: 7 loads, 0 LSLICEs
     Net K02/aux0_cnv: 7 loads, 7 LSLICEs
     Net G_2: 8 loads, 8 LSLICEs
   Number of LSRs:  4
     Net outcoder_30: 7 loads, 0 LSLICEs
     Net G_10: 6 loads, 6 LSLICEs
     Net K02/un27_auxd_RNIT5QR: 2 loads, 2 LSLICEs
     Net K00/OS01/oscout_0_sqmuxa_RNIM9MI1: 13 loads, 13 LSLICEs
   Number of nets driven by tri-state buffers:  0
   Top 10 highest fanout non-clock nets:
     Net outr00_c[1]: 21 loads
     Net outr00_c[2]: 15 loads
     Net K00/OS01/oscout_0_sqmuxa_RNIM9MI1: 13 loads
     Net outr00_c[3]: 13 loads
     Net outr00_c[4]: 13 loads
     Net inkey00_c[1]: 10 loads
     Net inkey00_c[3]: 10 loads
     Net K02/un1_aux024: 10 loads
     Net G_2: 9 loads
     Net inkey00_c[2]: 9 loads
 

   Number of warnings:  0
   Number of errors:    0



Total CPU Time: 0 secs  
Total REAL Time: 0 secs  
Peak Memory Usage: 58 MB

Dumping design to file teclado00_teclado0_map.ncd.

mpartrce -p "teclado00_teclado0.p2t" -f "teclado00_teclado0.p3t" -tf "teclado00_teclado0.pt" "teclado00_teclado0_map.ncd" "teclado00_teclado0.ncd"

---- MParTrce Tool ----
Removing old design directory at request of -rem command line option to this program.
Running par. Please wait . . .

Lattice Place and Route Report for Design "teclado00_teclado0_map.ncd"
Wed May 09 12:46:54 2018

PAR: Place And Route Diamond (64-bit) 3.10.0.111.2.
Command Line: par -w -l 5 -i 6 -t 1 -c 0 -e 0 -gui -msgset "C:/Users/Jorge Castillo/Documents/ESCOM/5/Arquitectura/Segundo Parcial/teclado00/promote.xml" -exp parUseNBR=1:parCDP=0:parCDR=0:parPathBased=OFF teclado00_teclado0_map.ncd teclado00_teclado0.dir/5_1.ncd teclado00_teclado0.prf
Preference file: teclado00_teclado0.prf.
Placement level-cost: 5-1.
Routing Iterations: 6

Loading design for application par from file teclado00_teclado0_map.ncd.
Design name: topkey00
NCD version: 3.3
Vendor:      LATTICE
Device:      LCMXO2-7000HE
Package:     TQFP144
Performance: 5
Loading device for application par from file 'xo2c7000.nph' in environment: C:/lscc/diamond/3.10_x64/ispfpga.
Package Status:                     Final          Version 1.39.
Performance Hardware Data Status:   Final          Version 34.4.
License checked out.


Ignore Preference Error(s):  True
Device utilization summary:

   PIO (prelim)   39+4(JTAG)/336     13% used
                  39+4(JTAG)/115     37% bonded
   IOLOGIC            7/336           2% used

   SLICE             82/3432          2% used

   OSC                1/1           100% used


Number of Signals: 240
Number of Connections: 681

Pin Constraint Summary:
   39 out of 39 pins locked (100% locked).

The following 1 signal is selected to use the primary clock routing resources:
    K00.sclk_0 (driver: K00/OS00/OSCInst0, clk load #: 36)


The following 1 signal is selected to use the secondary clock routing resources:
    K00/OS01/oscout_0_sqmuxa_RNIM9MI1 (driver: K00/OS01/SLICE_55, clk load #: 0, sr load #: 13, ce load #: 0)

No signal is selected as Global Set/Reset.
Starting Placer Phase 0.
........
Finished Placer Phase 0.  REAL time: 0 secs 

Starting Placer Phase 1.
....................
Placer score = 61982.
Finished Placer Phase 1.  REAL time: 4 secs 

Starting Placer Phase 2.
.
Placer score =  61862
Finished Placer Phase 2.  REAL time: 4 secs 


------------------ Clock Report ------------------

Global Clock Resources:
  CLK_PIN    : 0 out of 8 (0%)
  PLL        : 0 out of 2 (0%)
  DCM        : 0 out of 2 (0%)
  DCC        : 0 out of 8 (0%)

Quadrants All (TL, TR, BL, BR) - Global Clocks:
  PRIMARY "K00.sclk_0" from OSC on comp "K00/OS00/OSCInst0" on site "OSC", clk load = 36
  SECONDARY "K00/OS01/oscout_0_sqmuxa_RNIM9MI1" from F0 on comp "K00/OS01/SLICE_55" on site "R14C18D", clk load = 0, ce load = 0, sr load = 13

  PRIMARY  : 1 out of 8 (12%)
  SECONDARY: 1 out of 8 (12%)

Edge Clocks:
  No edge clock selected.

--------------- End of Clock Report ---------------


I/O Usage Summary (final):
   39 + 4(JTAG) out of 336 (12.8%) PIO sites used.
   39 + 4(JTAG) out of 115 (37.4%) bonded PIO sites used.
   Number of PIO comps: 39; differential: 0.
   Number of Vref pins used: 0.

I/O Bank Usage Summary:
+----------+----------------+------------+-----------+
| I/O Bank | Usage          | Bank Vccio | Bank Vref |
+----------+----------------+------------+-----------+
| 0        | 18 / 28 ( 64%) | 2.5V       | -         |
| 1        | 6 / 29 ( 20%)  | 2.5V       | -         |
| 2        | 6 / 29 ( 20%)  | 2.5V       | -         |
| 3        | 4 / 9 ( 44%)   | 2.5V       | -         |
| 4        | 0 / 10 (  0%)  | -          | -         |
| 5        | 5 / 10 ( 50%)  | 2.5V       | -         |
+----------+----------------+------------+-----------+

Total placer CPU time: 4 secs 

Dumping design to file teclado00_teclado0.dir/5_1.ncd.

0 connections routed; 681 unrouted.
Starting router resource preassignment

Completed router resource preassignment. Real time: 6 secs 

Start NBR router at 12:47:00 05/09/18

*****************************************************************
Info: NBR allows conflicts(one node used by more than one signal)
      in the earlier iterations. In each iteration, it tries to  
      solve the conflicts while keeping the critical connections 
      routed as short as possible. The routing process is said to
      be completed when no conflicts exist and all connections   
      are routed.                                                
Note: NBR uses a different method to calculate timing slacks. The
      worst slack and total negative slack may not be the same as
      that in TRCE report. You should always run TRCE to verify  
      your design.                                               
*****************************************************************

Start NBR special constraint process at 12:47:00 05/09/18

Start NBR section for initial routing at 12:47:00 05/09/18
Level 4, iteration 1
21(0.01%) conflicts; 0(0.00%) untouched conn; 0 (nbr) score; 
Estimated worst slack/total negative slack<setup>: 465.005ns/0.000ns; real time: 6 secs 

Info: Initial congestion level at 75% usage is 0
Info: Initial congestion area  at 75% usage is 0 (0.00%)

Start NBR section for normal routing at 12:47:00 05/09/18
Level 4, iteration 1
10(0.00%) conflicts; 0(0.00%) untouched conn; 0 (nbr) score; 
Estimated worst slack/total negative slack<setup>: 465.013ns/0.000ns; real time: 6 secs 
Level 4, iteration 2
5(0.00%) conflicts; 0(0.00%) untouched conn; 0 (nbr) score; 
Estimated worst slack/total negative slack<setup>: 464.963ns/0.000ns; real time: 6 secs 
Level 4, iteration 3
1(0.00%) conflict; 0(0.00%) untouched conn; 0 (nbr) score; 
Estimated worst slack/total negative slack<setup>: 464.255ns/0.000ns; real time: 6 secs 
Level 4, iteration 4
1(0.00%) conflict; 0(0.00%) untouched conn; 0 (nbr) score; 
Estimated worst slack/total negative slack<setup>: 464.255ns/0.000ns; real time: 6 secs 
Level 4, iteration 5
1(0.00%) conflict; 0(0.00%) untouched conn; 0 (nbr) score; 
Estimated worst slack/total negative slack<setup>: 464.255ns/0.000ns; real time: 7 secs 
Level 4, iteration 6
0(0.00%) conflict; 0(0.00%) untouched conn; 0 (nbr) score; 
Estimated worst slack/total negative slack<setup>: 464.255ns/0.000ns; real time: 7 secs 

Start NBR section for setup/hold timing optimization with effort level 3 at 12:47:01 05/09/18

Start NBR section for re-routing at 12:47:01 05/09/18
Level 4, iteration 1
0(0.00%) conflict; 0(0.00%) untouched conn; 0 (nbr) score; 
Estimated worst slack/total negative slack<setup>: 464.255ns/0.000ns; real time: 7 secs 

Start NBR section for post-routing at 12:47:01 05/09/18

End NBR router with 0 unrouted connection

NBR Summary
-----------
  Number of unrouted connections : 0 (0.00%)
  Number of connections with timing violations : 0 (0.00%)
  Estimated worst slack<setup> : 464.255ns
  Timing score<setup> : 0
-----------
Notes: The timing info is calculated for SETUP only and all PAR_ADJs are ignored.



Total CPU time 7 secs 
Total REAL time: 7 secs 
Completely routed.
End of route.  681 routed (100.00%); 0 unrouted.

Hold time timing score: 0, hold timing errors: 0

Timing score: 0 

Dumping design to file teclado00_teclado0.dir/5_1.ncd.


PAR_SUMMARY::Run status = Success
PAR_SUMMARY::Number of unrouted conns = 0
PAR_SUMMARY::Worst  slack<setup/<ns>> = 464.255
PAR_SUMMARY::Timing score<setup/<ns>> = 0.000
PAR_SUMMARY::Worst  slack<hold /<ns>> = 0.304
PAR_SUMMARY::Timing score<hold /<ns>> = 0.000
PAR_SUMMARY::Number of errors = 0

Total CPU  time to completion: 7 secs 
Total REAL time to completion: 7 secs 

par done!

Copyright (c) 1991-1994 by NeoCAD Inc. All rights reserved.
Copyright (c) 1995 AT&T Corp.   All rights reserved.
Copyright (c) 1995-2001 Lucent Technologies Inc.  All rights reserved.
Copyright (c) 2001 Agere Systems   All rights reserved.
Copyright (c) 2002-2017 Lattice Semiconductor Corporation,  All rights reserved.
Exiting par with exit code 0
Exiting mpartrce with exit code 0

bitgen -f "teclado00_teclado0.t2b" -w "teclado00_teclado0.ncd" -jedec "teclado00_teclado0.prf"


BITGEN: Bitstream Generator Diamond (64-bit) 3.10.0.111.2
Copyright (c) 1991-1994 by NeoCAD Inc. All rights reserved.
Copyright (c) 1995 AT&T Corp.   All rights reserved.
Copyright (c) 1995-2001 Lucent Technologies Inc.  All rights reserved.
Copyright (c) 2001 Agere Systems   All rights reserved.
Copyright (c) 2002-2017 Lattice Semiconductor Corporation,  All rights reserved.


Loading design for application Bitgen from file teclado00_teclado0.ncd.
Design name: topkey00
NCD version: 3.3
Vendor:      LATTICE
Device:      LCMXO2-7000HE
Package:     TQFP144
Performance: 5
Loading device for application Bitgen from file 'xo2c7000.nph' in environment: C:/lscc/diamond/3.10_x64/ispfpga.
Package Status:                     Final          Version 1.39.
Performance Hardware Data Status:   Final          Version 34.4.

Running DRC.
DRC detected 0 errors and 0 warnings.
Reading Preference File from teclado00_teclado0.prf.

Preference Summary:
+---------------------------------+---------------------------------+
|  Preference                     |  Current Setting                |
+---------------------------------+---------------------------------+
|                         RamCfg  |                        Reset**  |
+---------------------------------+---------------------------------+
|                     MCCLK_FREQ  |                         2.08**  |
+---------------------------------+---------------------------------+
|                  CONFIG_SECURE  |                          OFF**  |
+---------------------------------+---------------------------------+
|                          INBUF  |                           ON**  |
+---------------------------------+---------------------------------+
|                      JTAG_PORT  |                       ENABLE**  |
+---------------------------------+---------------------------------+
|                       SDM_PORT  |                      DISABLE**  |
+---------------------------------+---------------------------------+
|                 SLAVE_SPI_PORT  |                      DISABLE**  |
+---------------------------------+---------------------------------+
|                MASTER_SPI_PORT  |                      DISABLE**  |
+---------------------------------+---------------------------------+
|                       I2C_PORT  |                      DISABLE**  |
+---------------------------------+---------------------------------+
|        MUX_CONFIGURATION_PORTS  |                      DISABLE**  |
+---------------------------------+---------------------------------+
|                  CONFIGURATION  |                          CFG**  |
+---------------------------------+---------------------------------+
|                COMPRESS_CONFIG  |                           ON**  |
+---------------------------------+---------------------------------+
|                        MY_ASSP  |                          OFF**  |
+---------------------------------+---------------------------------+
|               ONE_TIME_PROGRAM  |                          OFF**  |
+---------------------------------+---------------------------------+
|                 ENABLE_TRANSFR  |                      DISABLE**  |
+---------------------------------+---------------------------------+
|                  SHAREDEBRINIT  |                      DISABLE**  |
+---------------------------------+---------------------------------+
|            BACKGROUND_RECONFIG  |                          OFF**  |
+---------------------------------+---------------------------------+
 *  Default setting.
 ** The specified setting matches the default setting.


Creating bit map...
 
Bitstream Status: Final           Version 1.94.
 
Saving bit stream in "teclado00_teclado0.jed".
 
===========
UFM Summary.
===========
UFM Size:        2046 Pages (128*2046 Bits).
UFM Utilization: General Purpose Flash Memory.
 
Available General Purpose Flash Memory: 2046 Pages (Page 0 to Page 2045).
Initialized UFM Pages:                     0 Page.
 
