
           Lattice Mapping Report File for Design Module 'topkey00'


Design Information
------------------

Command line:   map -a MachXO2 -p LCMXO2-7000HE -t TQFP144 -s 5 -oc Commercial
     teclado00_teclado0.ngd -o teclado00_teclado0_map.ncd -pr
     teclado00_teclado0.prf -mp teclado00_teclado0.mrp -lpf C:/Users/Jorge
     Castillo/Documents/ESCOM/5/Arquitectura/Segundo
     Parcial/teclado00/teclado0/teclado00_teclado0_synplify.lpf -lpf
     C:/Users/Jorge Castillo/Documents/ESCOM/5/Arquitectura/Segundo
     Parcial/teclado00/teclado00.lpf -c 0 -gui -msgset C:/Users/Jorge
     Castillo/Documents/ESCOM/5/Arquitectura/Segundo
     Parcial/teclado00/promote.xml 
Target Vendor:  LATTICE
Target Device:  LCMXO2-7000HETQFP144
Target Performance:   5
Mapper:  xo2c00,  version:  Diamond (64-bit) 3.10.0.111.2
Mapped on:  05/09/18  12:46:53

Design Summary
--------------

   Number of registers:     56 out of  7209 (1%)
      PFU registers:           49 out of  6864 (1%)
      PIO registers:            7 out of   345 (2%)
   Number of SLICEs:        82 out of  3432 (2%)
      SLICEs as Logic/ROM:     82 out of  3432 (2%)
      SLICEs as RAM:            0 out of  2574 (0%)
      SLICEs as Carry:         13 out of  3432 (0%)
   Number of LUT4s:        163 out of  6864 (2%)
      Number used as logic LUTs:        137
      Number used as distributed RAM:     0
      Number used as ripple logic:       26
      Number used as shift registers:     0
   Number of PIO sites used: 39 + 4(JTAG) out of 115 (37%)
   Number of block RAMs:  0 out of 26 (0%)
   Number of GSRs:  0 out of 1 (0%)
   EFB used :       No
   JTAG used :      No
   Readback used :  No
   Oscillator used :  Yes
   Startup used :   No
   POR :            On
   Bandgap :        On
   Number of Power Controller:  0 out of 1 (0%)
   Number of Dynamic Bank Controller (BCINRD):  0 out of 6 (0%)
   Number of Dynamic Bank Controller (BCLVDSO):  0 out of 1 (0%)
   Number of DCCA:  0 out of 8 (0%)
   Number of DCMA:  0 out of 2 (0%)
   Number of PLLs:  0 out of 2 (0%)
   Number of DQSDLLs:  0 out of 2 (0%)
   Number of CLKDIVC:  0 out of 4 (0%)
   Number of ECLKSYNCA:  0 out of 4 (0%)
   Number of ECLKBRIDGECS:  0 out of 2 (0%)
   Notes:-
      1. Total number of LUT4s = (Number of logic LUT4s) + 2*(Number of
     distributed RAMs) + 2*(Number of ripple logic)
      2. Number of logic LUT4s does not include count of distributed RAM and
     ripple logic.

                                    Page 1




Design:  topkey00                                      Date:  05/09/18  12:46:53

Design Summary (cont)
---------------------
   Number of clocks:  1
     Net K00.sclk_0: 36 loads, 36 rising, 0 falling (Driver: K00/OS00/OSCInst0 )
     
   Number of Clock Enables:  3
     Net un1_aux0_0_sqmuxa_4_RNIHL4N: 7 loads, 0 LSLICEs
     Net K02/aux0_cnv: 7 loads, 7 LSLICEs
     Net G_2: 8 loads, 8 LSLICEs
   Number of LSRs:  4
     Net outcoder_30: 7 loads, 0 LSLICEs
     Net G_10: 6 loads, 6 LSLICEs
     Net K02/un27_auxd_RNIT5QR: 2 loads, 2 LSLICEs
     Net K00/OS01/oscout_0_sqmuxa_RNIM9MI1: 13 loads, 13 LSLICEs
   Number of nets driven by tri-state buffers:  0
   Top 10 highest fanout non-clock nets:
     Net outr00_c[1]: 21 loads
     Net outr00_c[2]: 15 loads
     Net K00/OS01/oscout_0_sqmuxa_RNIM9MI1: 13 loads
     Net outr00_c[3]: 13 loads
     Net outr00_c[4]: 13 loads
     Net inkey00_c[1]: 10 loads
     Net inkey00_c[3]: 10 loads
     Net K02/un1_aux024: 10 loads
     Net G_2: 9 loads
     Net inkey00_c[2]: 9 loads




   Number of warnings:  0
   Number of errors:    0
     

Design Errors/Warnings
----------------------

   No errors or warnings present.

IO (PIO) Attributes
-------------------

+---------------------+-----------+-----------+------------+
| IO Name             | Direction | Levelmode | IO         |
|                     |           |  IO_TYPE  | Register   |
+---------------------+-----------+-----------+------------+
| clk00               | OUTPUT    | LVCMOS25  |            |
+---------------------+-----------+-----------+------------+
| cdiv00[0]           | INPUT     | LVCMOS25  |            |
+---------------------+-----------+-----------+------------+
| outtransist00[3]    | OUTPUT    | LVCMOS25  |            |
+---------------------+-----------+-----------+------------+
| outtransist00[2]    | OUTPUT    | LVCMOS25  |            |
+---------------------+-----------+-----------+------------+
| outtransist00[1]    | OUTPUT    | LVCMOS25  |            |
+---------------------+-----------+-----------+------------+
| outtransist00[0]    | OUTPUT    | LVCMOS25  |            |
+---------------------+-----------+-----------+------------+

                                    Page 2




Design:  topkey00                                      Date:  05/09/18  12:46:53

IO (PIO) Attributes (cont)
--------------------------
| outFlagc00          | OUTPUT    | LVCMOS25  |            |
+---------------------+-----------+-----------+------------+
| inFlagc00           | INPUT     | LVCMOS25  |            |
+---------------------+-----------+-----------+------------+
| outcontc00[4]       | OUTPUT    | LVCMOS25  |            |
+---------------------+-----------+-----------+------------+
| outcontc00[3]       | OUTPUT    | LVCMOS25  |            |
+---------------------+-----------+-----------+------------+
| outcontc00[2]       | OUTPUT    | LVCMOS25  |            |
+---------------------+-----------+-----------+------------+
| outcontc00[1]       | OUTPUT    | LVCMOS25  |            |
+---------------------+-----------+-----------+------------+
| outcontc00[0]       | OUTPUT    | LVCMOS25  |            |
+---------------------+-----------+-----------+------------+
| outcoder00[6]       | OUTPUT    | LVCMOS25  | OUT        |
+---------------------+-----------+-----------+------------+
| outcoder00[5]       | OUTPUT    | LVCMOS25  | OUT        |
+---------------------+-----------+-----------+------------+
| outcoder00[4]       | OUTPUT    | LVCMOS25  | OUT        |
+---------------------+-----------+-----------+------------+
| outcoder00[3]       | OUTPUT    | LVCMOS25  | OUT        |
+---------------------+-----------+-----------+------------+
| outcoder00[2]       | OUTPUT    | LVCMOS25  | OUT        |
+---------------------+-----------+-----------+------------+
| outcoder00[1]       | OUTPUT    | LVCMOS25  | OUT        |
+---------------------+-----------+-----------+------------+
| outcoder00[0]       | OUTPUT    | LVCMOS25  | OUT        |
+---------------------+-----------+-----------+------------+
| outled00[4]         | OUTPUT    | LVCMOS25  |            |
+---------------------+-----------+-----------+------------+
| outled00[3]         | OUTPUT    | LVCMOS25  |            |
+---------------------+-----------+-----------+------------+
| outled00[2]         | OUTPUT    | LVCMOS25  |            |
+---------------------+-----------+-----------+------------+
| outled00[1]         | OUTPUT    | LVCMOS25  |            |
+---------------------+-----------+-----------+------------+
| outled00[0]         | OUTPUT    | LVCMOS25  |            |
+---------------------+-----------+-----------+------------+
| outr00[4]           | OUTPUT    | LVCMOS25  |            |
+---------------------+-----------+-----------+------------+
| outr00[3]           | OUTPUT    | LVCMOS25  |            |
+---------------------+-----------+-----------+------------+
| outr00[2]           | OUTPUT    | LVCMOS25  |            |
+---------------------+-----------+-----------+------------+
| outr00[1]           | OUTPUT    | LVCMOS25  |            |
+---------------------+-----------+-----------+------------+
| outr00[0]           | OUTPUT    | LVCMOS25  |            |
+---------------------+-----------+-----------+------------+
| inkey00[3]          | INPUT     | LVCMOS25  |            |
+---------------------+-----------+-----------+------------+
| inkey00[2]          | INPUT     | LVCMOS25  |            |
+---------------------+-----------+-----------+------------+
| inkey00[1]          | INPUT     | LVCMOS25  |            |
+---------------------+-----------+-----------+------------+
| inkey00[0]          | INPUT     | LVCMOS25  |            |
+---------------------+-----------+-----------+------------+

                                    Page 3




Design:  topkey00                                      Date:  05/09/18  12:46:53

IO (PIO) Attributes (cont)
--------------------------
| en00                | INPUT     | LVCMOS25  |            |
+---------------------+-----------+-----------+------------+
| cdiv00[4]           | INPUT     | LVCMOS25  |            |
+---------------------+-----------+-----------+------------+
| cdiv00[3]           | INPUT     | LVCMOS25  |            |
+---------------------+-----------+-----------+------------+
| cdiv00[2]           | INPUT     | LVCMOS25  |            |
+---------------------+-----------+-----------+------------+
| cdiv00[1]           | INPUT     | LVCMOS25  |            |
+---------------------+-----------+-----------+------------+

Removed logic
-------------

Block GSR_INST undriven or does not drive anything - clipped.
Block K00/GND undriven or does not drive anything - clipped.
Block K00/VCC undriven or does not drive anything - clipped.
Block K00/OS00/VCC undriven or does not drive anything - clipped.
Block K00/OS01/VCC undriven or does not drive anything - clipped.
Block K01/GND undriven or does not drive anything - clipped.
Block K01/VCC undriven or does not drive anything - clipped.
Block K02/VCC undriven or does not drive anything - clipped.
Block K02/GND undriven or does not drive anything - clipped.
Signal K00/OS00/GND undriven or does not drive anything - clipped.
Signal K00/OS01/GND undriven or does not drive anything - clipped.
Signal K00/OS00/OSCInst0_SEDSTDBY undriven or does not drive anything - clipped.
     
Signal K00/OS01/un1_sdiv_s_23_0_S1 undriven or does not drive anything -
     clipped.
Signal K00/OS01/un1_sdiv_s_23_0_COUT undriven or does not drive anything -
     clipped.
Signal K00/OS01/un1_sdiv_cry_0_0_S0 undriven or does not drive anything -
     clipped.
Signal K00/OS01/N_1 undriven or does not drive anything - clipped.
Block K00/OS00/GND was optimized away.
Block K00/OS01/GND was optimized away.

Memory Usage
------------


     

OSC Summary
-----------

OSC 1:                                     Pin/Node Value
  OSC Instance Name:                                K00/OS00/OSCInst0
  OSC Type:                                         OSCH
  STDBY Input:                                      NONE
  OSC Output:                              NODE     K00.sclk_0
  OSC Nominal Frequency (MHz):                      2.08





                                    Page 4




Design:  topkey00                                      Date:  05/09/18  12:46:53

ASIC Components
---------------

Instance Name: K00/OS00/OSCInst0
         Type: OSCH

Run Time and Memory Usage
-------------------------

   Total CPU Time: 0 secs  
   Total REAL Time: 0 secs  
   Peak Memory Usage: 58 MB
        














































                                    Page 5


Copyright (c) 1991-1994 by NeoCAD Inc. All rights reserved.
     Copyright (c) 1995 AT&T Corp.   All rights reserved.
     Copyright (c) 1995-2001 Lucent Technologies Inc.  All rights reserved.
     Copyright (c) 2001 Agere Systems   All rights reserved.
     Copyright (c) 2002-2017 Lattice Semiconductor Corporation,  All rights
     reserved.
