
synpwrap -msg -prj "mux_mux_synplify.tcl" -log "mux_mux.srf"
Copyright (C) 1992-2017 Lattice Semiconductor Corporation. All rights reserved.
Lattice Diamond Version 3.9.0.99.2
    <postMsg mid="2011000" type="Info"    dynamic="0" navigation="0"  />

==contents of mux_mux.srf
#Build: Synplify Pro L-2016.09L, Build 077R, Dec  2 2016
#install: C:\lscc\diamond\3.9\synpbase
#OS: Windows 8 6.2
#Hostname: DIEGO

# Mon Sep 11 01:11:43 2017

#Implementation: mux

Synopsys HDL Compiler, version comp2016q3p1, Build 141R, built Dec  5 2016
@N|Running in 32-bit mode
Copyright (C) 1994-2016 Synopsys, Inc. All rights reserved. This Synopsys software and all associated documentation are proprietary to Synopsys, Inc. and may only be used pursuant to the terms and conditions of a written license agreement with Synopsys, Inc. All other use, reproduction, modification, or distribution of the Synopsys software or the associated documentation is strictly prohibited.

Synopsys VHDL Compiler, version comp2016q3p1, Build 141R, built Dec  5 2016
@N|Running in 32-bit mode
Copyright (C) 1994-2016 Synopsys, Inc. All rights reserved. This Synopsys software and all associated documentation are proprietary to Synopsys, Inc. and may only be used pursuant to the terms and conditions of a written license agreement with Synopsys, Inc. All other use, reproduction, modification, or distribution of the Synopsys software or the associated documentation is strictly prohibited.

@N: CD720 :"C:\lscc\diamond\3.9\synpbase\lib\vhd\std.vhd":123:18:123:21|Setting time resolution to ps
@N:"C:\Users\Diego EG\Desktop\ArqPracticas\CincoSeis\mux.vhdl":6:7:6:11|Top entity is set to mux00.
VHDL syntax check successful!
@N: CD630 :"C:\Users\Diego EG\Desktop\ArqPracticas\CincoSeis\mux.vhdl":6:7:6:11|Synthesizing work.mux00.mux0.
@E: CD297 :"C:\Users\Diego EG\Desktop\ArqPracticas\CincoSeis\mux.vhdl":22:20:22:23|Width mismatch, location has width 4, value 3
Process took 0h:00m:01s realtime, 0h:00m:01s cputime
# Mon Sep 11 01:11:44 2017

###########################################################]
@END
Process took 0h:00m:01s realtime, 0h:00m:01s cputime
# Mon Sep 11 01:11:44 2017

###########################################################]


Synthesis exit by 9.
