Running in Lattice mode


Starting:    C:\lscc\diamond\3.9\synpbase\bin\mbin\synbatch.exe
Install:     C:\lscc\diamond\3.9\synpbase
Hostname:    DIEGO
Date:        Mon Sep 11 01:11:41 2017
Version:     L-2016.09L

Arguments:   -product synplify_pro -batch mux_mux_synplify.tcl
ProductType: synplify_pro





Technology initialized from device list to: LATTICE-XP

log file: "C:\Users\Diego EG\Desktop\ArqPracticas\CincoSeis\mux\mux_mux.srr"

Running: hdl_info_gen in foreground



Generating HDL info...


hdl_info_gen completed
# Mon Sep 11 01:11:43 2017

Return Code: 0
Run Time:00h:00m:01s

log file: "C:\Users\Diego EG\Desktop\ArqPracticas\CincoSeis\mux\mux_mux.srr"

Running: mux in foreground



Running proj_1|mux


Running: compile (Compile) on proj_1|mux
# Mon Sep 11 01:11:43 2017


Running: compile_flow (Compile Process) on proj_1|mux
# Mon Sep 11 01:11:43 2017


Running: compiler (Compile Input) on proj_1|mux
# Mon Sep 11 01:11:43 2017

compiler exited with errors

Job failed on: proj_1|mux


Job: "compiler" terminated with error status: 2
See log file: "C:\Users\Diego EG\Desktop\ArqPracticas\CincoSeis\mux\synlog\mux_mux_compiler.srr"
# Mon Sep 11 01:11:45 2017

Return Code: 2
Run Time:00h:00m:02s

Complete: Compile Process on proj_1|mux

Complete: Compile on proj_1|mux

Complete: Logic Synthesis on proj_1|mux

Copied C:\Users\Diego EG\Desktop\ArqPracticas\CincoSeis\mux\mux_mux.srr to C:\Users\Diego EG\Desktop\ArqPracticas\CincoSeis\mux\mux_mux.srf

Error: At line 63 while processing "mux_mux_synplify.tcl"
2

TCL script complete: "mux_mux_synplify.tcl"

TCL script had errors: "mux_mux_synplify.tcl"

exit status=9

exit status=9

Save changes for project:
C:\Users\Diego EG\Desktop\ArqPracticas\CincoSeis\mux\proj_1.prj

batch mode default:no

