
            Lattice Mapping Report File for Design Module 'mux00'


Design Information
------------------

Command line:   map -a MachXO2 -p LCMXO2-7000HE -t TQFP144 -s 5 -oc Commercial
     mux00_mux00.ngd -o mux00_mux00_map.ncd -pr mux00_mux00.prf -mp
     mux00_mux00.mrp -lpf C:/Users/Diego
     EG/Desktop/ArqPracticas/seis/mux00/mux00_mux00_synplify.lpf -lpf
     C:/Users/Diego EG/Desktop/ArqPracticas/seis/mux00.lpf -c 0 -gui 
Target Vendor:  LATTICE
Target Device:  LCMXO2-7000HETQFP144
Target Performance:   5
Mapper:  xo2c00,  version:  Diamond Version 3.9.0.99.2
Mapped on:  09/11/17  01:23:19

Design Summary
--------------

   Number of registers:      0 out of  7209 (0%)
      PFU registers:            0 out of  6864 (0%)
      PIO registers:            0 out of   345 (0%)
   Number of SLICEs:         3 out of  3432 (0%)
      SLICEs as Logic/ROM:      3 out of  3432 (0%)
      SLICEs as RAM:            0 out of  2574 (0%)
      SLICEs as Carry:          0 out of  3432 (0%)
   Number of LUT4s:          6 out of  6864 (0%)
      Number used as logic LUTs:          6
      Number used as distributed RAM:     0
      Number used as ripple logic:        0
      Number used as shift registers:     0
   Number of PIO sites used: 14 + 4(JTAG) out of 115 (16%)
   Number of block RAMs:  0 out of 26 (0%)
   Number of GSRs:  0 out of 1 (0%)
   EFB used :       No
   JTAG used :      No
   Readback used :  No
   Oscillator used :  No
   Startup used :   No
   POR :            On
   Bandgap :        On
   Number of Power Controller:  0 out of 1 (0%)
   Number of Dynamic Bank Controller (BCINRD):  0 out of 6 (0%)
   Number of Dynamic Bank Controller (BCLVDSO):  0 out of 1 (0%)
   Number of DCCA:  0 out of 8 (0%)
   Number of DCMA:  0 out of 2 (0%)
   Number of PLLs:  0 out of 2 (0%)
   Number of DQSDLLs:  0 out of 2 (0%)
   Number of CLKDIVC:  0 out of 4 (0%)
   Number of ECLKSYNCA:  0 out of 4 (0%)
   Number of ECLKBRIDGECS:  0 out of 2 (0%)
   Notes:-
      1. Total number of LUT4s = (Number of logic LUT4s) + 2*(Number of
     distributed RAMs) + 2*(Number of ripple logic)
      2. Number of logic LUT4s does not include count of distributed RAM and
     ripple logic.
   Number of clocks:  0
   Number of Clock Enables:  0
   Number of LSRs:  0
   Number of nets driven by tri-state buffers:  0

                                    Page 1




Design:  mux00                                         Date:  09/11/17  01:23:19

Design Summary (cont)
---------------------
   Top 10 highest fanout non-clock nets:
     Net S_c[1]: 6 loads
     Net S_c[0]: 3 loads
     Net I0_c[0]: 1 loads
     Net I2_c[0]: 1 loads
     Net I2_c[1]: 1 loads
     Net I2_c[2]: 1 loads
     Net MUXO_c[0]: 1 loads
     Net MUXO_c[1]: 1 loads
     Net MUXO_c[2]: 1 loads
     Net N_26: 1 loads




   Number of warnings:  0
   Number of errors:    0
     

Design Errors/Warnings
----------------------

   No errors or warnings present.

IO (PIO) Attributes
-------------------

+---------------------+-----------+-----------+------------+
| IO Name             | Direction | Levelmode | IO         |
|                     |           |  IO_TYPE  | Register   |
+---------------------+-----------+-----------+------------+
| MUXO[0]             | OUTPUT    | LVCMOS25  |            |
+---------------------+-----------+-----------+------------+
| I0[0]               | INPUT     | LVCMOS25  |            |
+---------------------+-----------+-----------+------------+
| MUXO[2]             | OUTPUT    | LVCMOS25  |            |
+---------------------+-----------+-----------+------------+
| MUXO[1]             | OUTPUT    | LVCMOS25  |            |
+---------------------+-----------+-----------+------------+
| S[1]                | INPUT     | LVCMOS25  |            |
+---------------------+-----------+-----------+------------+
| S[0]                | INPUT     | LVCMOS25  |            |
+---------------------+-----------+-----------+------------+
| I2[2]               | INPUT     | LVCMOS25  |            |
+---------------------+-----------+-----------+------------+
| I2[1]               | INPUT     | LVCMOS25  |            |
+---------------------+-----------+-----------+------------+
| I2[0]               | INPUT     | LVCMOS25  |            |
+---------------------+-----------+-----------+------------+
| I1[2]               | INPUT     | LVCMOS25  |            |
+---------------------+-----------+-----------+------------+
| I1[1]               | INPUT     | LVCMOS25  |            |
+---------------------+-----------+-----------+------------+
| I1[0]               | INPUT     | LVCMOS25  |            |
+---------------------+-----------+-----------+------------+
| I0[2]               | INPUT     | LVCMOS25  |            |

                                    Page 2




Design:  mux00                                         Date:  09/11/17  01:23:19

IO (PIO) Attributes (cont)
--------------------------
+---------------------+-----------+-----------+------------+
| I0[1]               | INPUT     | LVCMOS25  |            |
+---------------------+-----------+-----------+------------+

Removed logic
-------------

Block VCC undriven or does not drive anything - clipped.
Block GSR_INST undriven or does not drive anything - clipped.
Block GND undriven or does not drive anything - clipped.
Signal VCC undriven or does not drive anything - clipped.

Memory Usage
------------


     

Run Time and Memory Usage
-------------------------

   Total CPU Time: 0 secs  
   Total REAL Time: 0 secs  
   Peak Memory Usage: 49 MB
        
































                                    Page 3


Copyright (c) 1991-1994 by NeoCAD Inc. All rights reserved.
     Copyright (c) 1995 AT&T Corp.   All rights reserved.
     Copyright (c) 1995-2001 Lucent Technologies Inc.  All rights reserved.
     Copyright (c) 2001 Agere Systems   All rights reserved.
     Copyright (c) 2002-2017 Lattice Semiconductor Corporation,  All rights
     reserved.
