Running in Lattice mode

Starting:    C:\lscc\diamond\3.10_x64\synpbase\bin64\mbin\synbatch.exe
Install:     C:\lscc\diamond\3.10_x64\synpbase
Hostname:    LAPTOP-7VBFQ3A1
Date:        Mon Mar  5 10:58:54 2018
Version:     M-2017.03L-SP1-1

Arguments:   -product synplify_pro -batch oscint_osc_synplify.tcl
ProductType: synplify_pro




log file: "C:\Users\Jorge Castillo\Documents\ESCOM\5\Arquitectura\oscAUX\oscint\osc\oscint_osc.srr"
Running: hdl_info_gen in foreground

Generating HDL info...

hdl_info_gen completed
# Mon Mar  5 10:58:57 2018

Return Code: 0
Run Time:00h:00m:02s
log file: "C:\Users\Jorge Castillo\Documents\ESCOM\5\Arquitectura\oscAUX\oscint\osc\oscint_osc.srr"
Running: osc in foreground

Running proj_1|osc

Running: compile (Compile) on proj_1|osc
# Mon Mar  5 10:58:57 2018

Running: compile_flow (Compile Process) on proj_1|osc
# Mon Mar  5 10:58:57 2018

Running: compiler (Compile Input) on proj_1|osc
# Mon Mar  5 10:58:57 2018
Copied C:\Users\Jorge Castillo\Documents\ESCOM\5\Arquitectura\oscAUX\oscint\osc\synwork\oscint_osc_comp.srs to C:\Users\Jorge Castillo\Documents\ESCOM\5\Arquitectura\oscAUX\oscint\osc\oscint_osc.srs

compiler completed
# Mon Mar  5 10:59:01 2018

Return Code: 0
Run Time:00h:00m:04s

Running: multi_srs_gen (Multi-srs Generator) on proj_1|osc
# Mon Mar  5 10:59:01 2018

multi_srs_gen completed
# Mon Mar  5 10:59:02 2018

Return Code: 0
Run Time:00h:00m:01s
Copied C:\Users\Jorge Castillo\Documents\ESCOM\5\Arquitectura\oscAUX\oscint\osc\synwork\oscint_osc_mult.srs to C:\Users\Jorge Castillo\Documents\ESCOM\5\Arquitectura\oscAUX\oscint\osc\oscint_osc.srs
Copied C:\Users\Jorge Castillo\Documents\ESCOM\5\Arquitectura\oscAUX\oscint\osc\oscint_osc.srr to C:\Users\Jorge Castillo\Documents\ESCOM\5\Arquitectura\oscAUX\oscint\osc\oscint_osc.srf
Complete: Compile Process on proj_1|osc

Running: premap (Pre-mapping) on proj_1|osc
# Mon Mar  5 10:59:02 2018

premap completed
# Mon Mar  5 10:59:06 2018

Return Code: 0
Run Time:00h:00m:04s
Complete: Compile on proj_1|osc

Running: map (Map) on proj_1|osc
# Mon Mar  5 10:59:06 2018
License granted for 4 parallel jobs

Running: fpga_mapper (Map & Optimize) on proj_1|osc
# Mon Mar  5 10:59:06 2018
Copied C:\Users\Jorge Castillo\Documents\ESCOM\5\Arquitectura\oscAUX\oscint\osc\synwork\oscint_osc_m.srm to C:\Users\Jorge Castillo\Documents\ESCOM\5\Arquitectura\oscAUX\oscint\osc\oscint_osc.srm

fpga_mapper completed
# Mon Mar  5 10:59:08 2018

Return Code: 0
Run Time:00h:00m:02s
Complete: Map on proj_1|osc
Copied C:\Users\Jorge Castillo\Documents\ESCOM\5\Arquitectura\oscAUX\oscint\osc\oscint_osc.srr to C:\Users\Jorge Castillo\Documents\ESCOM\5\Arquitectura\oscAUX\oscint\osc\oscint_osc.srf
Complete: Logic Synthesis on proj_1|osc
TCL script complete: "oscint_osc_synplify.tcl"
exit status=0
exit status=0
Save changes for project:
C:\Users\Jorge Castillo\Documents\ESCOM\5\Arquitectura\oscAUX\oscint\osc\proj_1.prj
batch mode default:no
