Resource Usage Report
Part: lcmxo2_7000he-4

Register bits: 59 of 6864 (1%)
PIC Latch:       0
I/O cells:       42

Details:
CCU2D:          17
DPR16X4C:       4
FD1P3AX:        4
FD1P3IX:        10
FD1P3JX:        19
FD1S3AX:        1
FD1S3IX:        24
FD1S3JX:        1
GSR:            1
IB:             11
OB:             31
ORCALUT4:       94
OSCH:           1
PFUMX:          1
PUR:            1
VHI:            6
VLO:            6
false:          3
true:           3
